[2025-07-15T00:13:00.474+0000] {taskinstance.py:1956} INFO - Dependencies all met for dep_context=non-requeueable deps ti=<TaskInstance: data_extraction_to_snowflake.processing_tables manual__2025-07-15T00:12:58.073153+00:00 map_index=4 [queued]>
[2025-07-15T00:13:00.492+0000] {taskinstance.py:1956} INFO - Dependencies all met for dep_context=requeueable deps ti=<TaskInstance: data_extraction_to_snowflake.processing_tables manual__2025-07-15T00:12:58.073153+00:00 map_index=4 [queued]>
[2025-07-15T00:13:00.493+0000] {taskinstance.py:2170} INFO - Starting attempt 1 of 1
[2025-07-15T00:13:00.504+0000] {taskinstance.py:2191} INFO - Executing <Mapped(_PythonDecoratedOperator): processing_tables> on 2025-07-15 00:12:58.073153+00:00
[2025-07-15T00:13:00.510+0000] {standard_task_runner.py:60} INFO - Started process 186 to run task
[2025-07-15T00:13:00.513+0000] {standard_task_runner.py:87} INFO - Running: ['***', 'tasks', 'run', 'data_extraction_to_snowflake', 'processing_tables', 'manual__2025-07-15T00:12:58.073153+00:00', '--job-id', '135', '--raw', '--subdir', 'DAGS_FOLDER/etl_transfer_to_stage.py', '--cfg-path', '/tmp/tmplmf1opmj', '--map-index', '4']
[2025-07-15T00:13:00.516+0000] {standard_task_runner.py:88} INFO - Job 135: Subtask processing_tables
[2025-07-15T00:13:00.579+0000] {task_command.py:423} INFO - Running <TaskInstance: data_extraction_to_snowflake.processing_tables manual__2025-07-15T00:12:58.073153+00:00 map_index=4 [running]> on host ba480c39b9ec
[2025-07-15T00:13:00.632+0000] {taskinstance.py:2480} INFO - Exporting env vars: AIRFLOW_CTX_DAG_OWNER='***' AIRFLOW_CTX_DAG_ID='data_extraction_to_snowflake' AIRFLOW_CTX_TASK_ID='processing_tables' AIRFLOW_CTX_EXECUTION_DATE='2025-07-15T00:12:58.073153+00:00' AIRFLOW_CTX_TRY_NUMBER='1' AIRFLOW_CTX_DAG_RUN_ID='manual__2025-07-15T00:12:58.073153+00:00'
[2025-07-15T00:13:00.641+0000] {base.py:83} INFO - Using connection ID 'postgres' for task execution.
[2025-07-15T00:13:00.672+0000] {base.py:83} INFO - Using connection ID 'postgres' for task execution.
[2025-07-15T00:13:00.713+0000] {base.py:83} INFO - Using connection ID 'postgres' for task execution.
[2025-07-15T00:13:00.725+0000] {taskinstance.py:2698} ERROR - Task failed with exception
Traceback (most recent call last):
  File "/home/airflow/.local/lib/python3.8/site-packages/airflow/models/taskinstance.py", line 433, in _execute_task
    result = execute_callable(context=context, **execute_callable_kwargs)
  File "/home/airflow/.local/lib/python3.8/site-packages/airflow/decorators/base.py", line 241, in execute
    return_value = super().execute(context)
  File "/home/airflow/.local/lib/python3.8/site-packages/airflow/operators/python.py", line 199, in execute
    return_value = self.execute_callable()
  File "/home/airflow/.local/lib/python3.8/site-packages/airflow/operators/python.py", line 216, in execute_callable
    return self.python_callable(*self.op_args, **self.op_kwargs)
  File "/opt/airflow/dags/etl_transfer_to_stage.py", line 103, in processing_each_table
    cursor.execute(insert_query,row)
psycopg2.errors.InvalidTextRepresentation: invalid input syntax for type integer: "M"
LINE 1: ...ract_id) VALUES (1, 2142, 'CASSIDY NICHOLSON', 8, 'M', 2, 0,...
                                                             ^

[2025-07-15T00:13:00.730+0000] {taskinstance.py:1138} INFO - Marking task as FAILED. dag_id=data_extraction_to_snowflake, task_id=processing_tables, map_index=4, execution_date=20250715T001258, start_date=20250715T001300, end_date=20250715T001300
[2025-07-15T00:13:00.737+0000] {standard_task_runner.py:107} ERROR - Failed to execute job 135 for task processing_tables (invalid input syntax for type integer: "M"
LINE 1: ...ract_id) VALUES (1, 2142, 'CASSIDY NICHOLSON', 8, 'M', 2, 0,...
                                                             ^
; 186)
[2025-07-15T00:13:00.755+0000] {local_task_job_runner.py:234} INFO - Task exited with return code 1
[2025-07-15T00:13:00.775+0000] {taskinstance.py:3280} INFO - 0 downstream tasks scheduled from follow-on schedule check
