[2025-07-27T14:38:08.866+0000] {taskinstance.py:1956} INFO - Dependencies all met for dep_context=non-requeueable deps ti=<TaskInstance: data_extraction_to_snowflake.processing_tables manual__2025-07-27T14:38:06.004902+00:00 map_index=1 [queued]>
[2025-07-27T14:38:08.875+0000] {taskinstance.py:1956} INFO - Dependencies all met for dep_context=requeueable deps ti=<TaskInstance: data_extraction_to_snowflake.processing_tables manual__2025-07-27T14:38:06.004902+00:00 map_index=1 [queued]>
[2025-07-27T14:38:08.876+0000] {taskinstance.py:2170} INFO - Starting attempt 1 of 1
[2025-07-27T14:38:08.886+0000] {taskinstance.py:2191} INFO - Executing <Mapped(_PythonDecoratedOperator): processing_tables> on 2025-07-27 14:38:06.004902+00:00
[2025-07-27T14:38:08.891+0000] {standard_task_runner.py:60} INFO - Started process 520 to run task
[2025-07-27T14:38:08.896+0000] {standard_task_runner.py:87} INFO - Running: ['***', 'tasks', 'run', 'data_extraction_to_snowflake', 'processing_tables', 'manual__2025-07-27T14:38:06.004902+00:00', '--job-id', '234', '--raw', '--subdir', 'DAGS_FOLDER/etl_transfer_to_stage.py', '--cfg-path', '/tmp/tmpsau0eaud', '--map-index', '1']
[2025-07-27T14:38:08.899+0000] {standard_task_runner.py:88} INFO - Job 234: Subtask processing_tables
[2025-07-27T14:38:08.946+0000] {task_command.py:423} INFO - Running <TaskInstance: data_extraction_to_snowflake.processing_tables manual__2025-07-27T14:38:06.004902+00:00 map_index=1 [running]> on host ba480c39b9ec
[2025-07-27T14:38:09.002+0000] {taskinstance.py:2480} INFO - Exporting env vars: AIRFLOW_CTX_DAG_OWNER='***' AIRFLOW_CTX_DAG_ID='data_extraction_to_snowflake' AIRFLOW_CTX_TASK_ID='processing_tables' AIRFLOW_CTX_EXECUTION_DATE='2025-07-27T14:38:06.004902+00:00' AIRFLOW_CTX_TRY_NUMBER='1' AIRFLOW_CTX_DAG_RUN_ID='manual__2025-07-27T14:38:06.004902+00:00'
[2025-07-27T14:38:09.003+0000] {etl_transfer_to_stage.py:56} INFO - Starting transfer data from table contract_type_info
[2025-07-27T14:38:09.006+0000] {base.py:83} INFO - Using connection ID 'snowflake' for task execution.
[2025-07-27T14:38:09.006+0000] {connection.py:370} INFO - Snowflake Connector for Python Version: 3.6.0, Python Version: 3.8.18, Platform: Linux-6.12.5-linuxkit-aarch64-with-glibc2.34
[2025-07-27T14:38:09.007+0000] {connection.py:1171} INFO - This connection is in OCSP Fail Open Mode. TLS Certificates would be checked for validity and revocation status. Any other Certificate Revocation related exceptions or OCSP Responder failures would be disregarded in favor of connectivity.
[2025-07-27T14:38:11.062+0000] {cursor.py:1028} INFO - query: [SELECT MAX(ID) FROM raw_contract_type_info]
[2025-07-27T14:38:11.218+0000] {cursor.py:1041} INFO - query execution done
[2025-07-27T14:38:11.219+0000] {cursor.py:1205} INFO - Number of results in first chunk: 1
[2025-07-27T14:38:11.219+0000] {connection.py:718} INFO - closed
[2025-07-27T14:38:11.298+0000] {connection.py:724} INFO - No async queries seem to be running, deleting session
[2025-07-27T14:38:11.388+0000] {base.py:83} INFO - Using connection ID 'postgres' for task execution.
[2025-07-27T14:38:11.405+0000] {base.py:83} INFO - Using connection ID 'snowflake' for task execution.
[2025-07-27T14:38:11.405+0000] {connection.py:370} INFO - Snowflake Connector for Python Version: 3.6.0, Python Version: 3.8.18, Platform: Linux-6.12.5-linuxkit-aarch64-with-glibc2.34
[2025-07-27T14:38:11.406+0000] {connection.py:1171} INFO - This connection is in OCSP Fail Open Mode. TLS Certificates would be checked for validity and revocation status. Any other Certificate Revocation related exceptions or OCSP Responder failures would be disregarded in favor of connectivity.
[2025-07-27T14:38:11.770+0000] {etl_transfer_to_stage.py:95} INFO - Ingesting 3 rows into Snowflake
[2025-07-27T14:38:11.770+0000] {cursor.py:1028} INFO - query: [INSERT INTO raw_contract_type_info (id, contract_type_id, contract_type) VALUES ...]
[2025-07-27T14:38:12.679+0000] {cursor.py:1041} INFO - query execution done
[2025-07-27T14:38:12.682+0000] {cursor.py:1028} INFO - query: [INSERT INTO raw_contract_type_info (id, contract_type_id, contract_type) VALUES ...]
[2025-07-27T14:38:13.156+0000] {cursor.py:1041} INFO - query execution done
[2025-07-27T14:38:13.157+0000] {cursor.py:1028} INFO - query: [INSERT INTO raw_contract_type_info (id, contract_type_id, contract_type) VALUES ...]
[2025-07-27T14:38:13.558+0000] {cursor.py:1041} INFO - query execution done
[2025-07-27T14:38:13.559+0000] {connection.py:718} INFO - closed
[2025-07-27T14:38:13.637+0000] {connection.py:724} INFO - No async queries seem to be running, deleting session
[2025-07-27T14:38:13.729+0000] {python.py:201} INFO - Done. Returned value was: None
[2025-07-27T14:38:13.740+0000] {taskinstance.py:1138} INFO - Marking task as SUCCESS. dag_id=data_extraction_to_snowflake, task_id=processing_tables, map_index=1, execution_date=20250727T143806, start_date=20250727T143808, end_date=20250727T143813
[2025-07-27T14:38:13.791+0000] {local_task_job_runner.py:234} INFO - Task exited with return code 0
[2025-07-27T14:38:13.807+0000] {taskinstance.py:3280} INFO - 0 downstream tasks scheduled from follow-on schedule check
