[2025-07-15T00:10:24.675+0000] {processor.py:161} INFO - Started process (PID=68) to work on /opt/airflow/dags/etl_transfer_to_stage.py
[2025-07-15T00:10:24.676+0000] {processor.py:830} INFO - Processing file /opt/airflow/dags/etl_transfer_to_stage.py for tasks to queue
[2025-07-15T00:10:24.679+0000] {logging_mixin.py:188} INFO - [2025-07-15T00:10:24.678+0000] {dagbag.py:538} INFO - Filling up the DagBag from /opt/airflow/dags/etl_transfer_to_stage.py
[2025-07-15T00:10:24.689+0000] {processor.py:840} INFO - DAG(s) 'data_extraction_to_snowflake' retrieved from /opt/airflow/dags/etl_transfer_to_stage.py
[2025-07-15T00:10:24.718+0000] {logging_mixin.py:188} INFO - [2025-07-15T00:10:24.717+0000] {dag.py:3036} INFO - Sync 1 DAGs
[2025-07-15T00:10:24.732+0000] {logging_mixin.py:188} INFO - [2025-07-15T00:10:24.732+0000] {dag.py:3823} INFO - Setting next_dagrun for data_extraction_to_snowflake to 2025-07-15 00:00:00+00:00, run_after=2025-07-16 00:00:00+00:00
[2025-07-15T00:10:24.745+0000] {processor.py:183} INFO - Processing /opt/airflow/dags/etl_transfer_to_stage.py took 0.073 seconds
[2025-07-15T00:10:54.859+0000] {processor.py:161} INFO - Started process (PID=84) to work on /opt/airflow/dags/etl_transfer_to_stage.py
[2025-07-15T00:10:54.861+0000] {processor.py:830} INFO - Processing file /opt/airflow/dags/etl_transfer_to_stage.py for tasks to queue
[2025-07-15T00:10:54.862+0000] {logging_mixin.py:188} INFO - [2025-07-15T00:10:54.862+0000] {dagbag.py:538} INFO - Filling up the DagBag from /opt/airflow/dags/etl_transfer_to_stage.py
[2025-07-15T00:10:54.867+0000] {processor.py:840} INFO - DAG(s) 'data_extraction_to_snowflake' retrieved from /opt/airflow/dags/etl_transfer_to_stage.py
[2025-07-15T00:10:54.916+0000] {logging_mixin.py:188} INFO - [2025-07-15T00:10:54.915+0000] {dag.py:3036} INFO - Sync 1 DAGs
[2025-07-15T00:10:54.923+0000] {logging_mixin.py:188} INFO - [2025-07-15T00:10:54.923+0000] {dag.py:3823} INFO - Setting next_dagrun for data_extraction_to_snowflake to 2025-07-15 00:00:00+00:00, run_after=2025-07-16 00:00:00+00:00
[2025-07-15T00:10:54.930+0000] {processor.py:183} INFO - Processing /opt/airflow/dags/etl_transfer_to_stage.py took 0.072 seconds
[2025-07-15T00:11:25.015+0000] {processor.py:161} INFO - Started process (PID=91) to work on /opt/airflow/dags/etl_transfer_to_stage.py
[2025-07-15T00:11:25.016+0000] {processor.py:830} INFO - Processing file /opt/airflow/dags/etl_transfer_to_stage.py for tasks to queue
[2025-07-15T00:11:25.017+0000] {logging_mixin.py:188} INFO - [2025-07-15T00:11:25.017+0000] {dagbag.py:538} INFO - Filling up the DagBag from /opt/airflow/dags/etl_transfer_to_stage.py
[2025-07-15T00:11:25.021+0000] {processor.py:840} INFO - DAG(s) 'data_extraction_to_snowflake' retrieved from /opt/airflow/dags/etl_transfer_to_stage.py
[2025-07-15T00:11:25.033+0000] {logging_mixin.py:188} INFO - [2025-07-15T00:11:25.033+0000] {dag.py:3036} INFO - Sync 1 DAGs
[2025-07-15T00:11:25.042+0000] {logging_mixin.py:188} INFO - [2025-07-15T00:11:25.042+0000] {dag.py:3823} INFO - Setting next_dagrun for data_extraction_to_snowflake to 2025-07-15 00:00:00+00:00, run_after=2025-07-16 00:00:00+00:00
[2025-07-15T00:11:25.049+0000] {processor.py:183} INFO - Processing /opt/airflow/dags/etl_transfer_to_stage.py took 0.035 seconds
[2025-07-15T00:11:55.201+0000] {processor.py:161} INFO - Started process (PID=98) to work on /opt/airflow/dags/etl_transfer_to_stage.py
[2025-07-15T00:11:55.202+0000] {processor.py:830} INFO - Processing file /opt/airflow/dags/etl_transfer_to_stage.py for tasks to queue
[2025-07-15T00:11:55.203+0000] {logging_mixin.py:188} INFO - [2025-07-15T00:11:55.203+0000] {dagbag.py:538} INFO - Filling up the DagBag from /opt/airflow/dags/etl_transfer_to_stage.py
[2025-07-15T00:11:55.208+0000] {processor.py:840} INFO - DAG(s) 'data_extraction_to_snowflake' retrieved from /opt/airflow/dags/etl_transfer_to_stage.py
[2025-07-15T00:11:55.221+0000] {logging_mixin.py:188} INFO - [2025-07-15T00:11:55.221+0000] {dag.py:3036} INFO - Sync 1 DAGs
[2025-07-15T00:11:55.230+0000] {logging_mixin.py:188} INFO - [2025-07-15T00:11:55.230+0000] {dag.py:3823} INFO - Setting next_dagrun for data_extraction_to_snowflake to 2025-07-15 00:00:00+00:00, run_after=2025-07-16 00:00:00+00:00
[2025-07-15T00:11:55.236+0000] {processor.py:183} INFO - Processing /opt/airflow/dags/etl_transfer_to_stage.py took 0.037 seconds
[2025-07-15T00:12:25.372+0000] {processor.py:161} INFO - Started process (PID=114) to work on /opt/airflow/dags/etl_transfer_to_stage.py
[2025-07-15T00:12:25.373+0000] {processor.py:830} INFO - Processing file /opt/airflow/dags/etl_transfer_to_stage.py for tasks to queue
[2025-07-15T00:12:25.375+0000] {logging_mixin.py:188} INFO - [2025-07-15T00:12:25.374+0000] {dagbag.py:538} INFO - Filling up the DagBag from /opt/airflow/dags/etl_transfer_to_stage.py
[2025-07-15T00:12:25.382+0000] {processor.py:840} INFO - DAG(s) 'data_extraction_to_snowflake' retrieved from /opt/airflow/dags/etl_transfer_to_stage.py
[2025-07-15T00:12:25.396+0000] {logging_mixin.py:188} INFO - [2025-07-15T00:12:25.396+0000] {dag.py:3036} INFO - Sync 1 DAGs
[2025-07-15T00:12:25.406+0000] {logging_mixin.py:188} INFO - [2025-07-15T00:12:25.406+0000] {dag.py:3823} INFO - Setting next_dagrun for data_extraction_to_snowflake to 2025-07-15 00:00:00+00:00, run_after=2025-07-16 00:00:00+00:00
[2025-07-15T00:12:25.413+0000] {processor.py:183} INFO - Processing /opt/airflow/dags/etl_transfer_to_stage.py took 0.044 seconds
[2025-07-15T00:12:51.497+0000] {processor.py:161} INFO - Started process (PID=120) to work on /opt/airflow/dags/etl_transfer_to_stage.py
[2025-07-15T00:12:51.498+0000] {processor.py:830} INFO - Processing file /opt/airflow/dags/etl_transfer_to_stage.py for tasks to queue
[2025-07-15T00:12:51.499+0000] {logging_mixin.py:188} INFO - [2025-07-15T00:12:51.499+0000] {dagbag.py:538} INFO - Filling up the DagBag from /opt/airflow/dags/etl_transfer_to_stage.py
[2025-07-15T00:12:51.505+0000] {processor.py:840} INFO - DAG(s) 'data_extraction_to_snowflake' retrieved from /opt/airflow/dags/etl_transfer_to_stage.py
[2025-07-15T00:12:51.519+0000] {logging_mixin.py:188} INFO - [2025-07-15T00:12:51.519+0000] {dag.py:3036} INFO - Sync 1 DAGs
[2025-07-15T00:12:51.530+0000] {logging_mixin.py:188} INFO - [2025-07-15T00:12:51.530+0000] {dag.py:3823} INFO - Setting next_dagrun for data_extraction_to_snowflake to 2025-07-15 00:00:00+00:00, run_after=2025-07-16 00:00:00+00:00
[2025-07-15T00:12:51.539+0000] {processor.py:183} INFO - Processing /opt/airflow/dags/etl_transfer_to_stage.py took 0.044 seconds
[2025-07-15T00:12:53.512+0000] {processor.py:161} INFO - Started process (PID=121) to work on /opt/airflow/dags/etl_transfer_to_stage.py
[2025-07-15T00:12:53.513+0000] {processor.py:830} INFO - Processing file /opt/airflow/dags/etl_transfer_to_stage.py for tasks to queue
[2025-07-15T00:12:53.514+0000] {logging_mixin.py:188} INFO - [2025-07-15T00:12:53.514+0000] {dagbag.py:538} INFO - Filling up the DagBag from /opt/airflow/dags/etl_transfer_to_stage.py
[2025-07-15T00:12:53.519+0000] {processor.py:840} INFO - DAG(s) 'data_extraction_to_snowflake' retrieved from /opt/airflow/dags/etl_transfer_to_stage.py
[2025-07-15T00:12:53.532+0000] {logging_mixin.py:188} INFO - [2025-07-15T00:12:53.532+0000] {dag.py:3036} INFO - Sync 1 DAGs
[2025-07-15T00:12:53.541+0000] {logging_mixin.py:188} INFO - [2025-07-15T00:12:53.541+0000] {dag.py:3823} INFO - Setting next_dagrun for data_extraction_to_snowflake to 2025-07-15 00:00:00+00:00, run_after=2025-07-16 00:00:00+00:00
[2025-07-15T00:12:53.549+0000] {processor.py:183} INFO - Processing /opt/airflow/dags/etl_transfer_to_stage.py took 0.039 seconds
[2025-07-15T00:13:23.706+0000] {processor.py:161} INFO - Started process (PID=137) to work on /opt/airflow/dags/etl_transfer_to_stage.py
[2025-07-15T00:13:23.707+0000] {processor.py:830} INFO - Processing file /opt/airflow/dags/etl_transfer_to_stage.py for tasks to queue
[2025-07-15T00:13:23.708+0000] {logging_mixin.py:188} INFO - [2025-07-15T00:13:23.708+0000] {dagbag.py:538} INFO - Filling up the DagBag from /opt/airflow/dags/etl_transfer_to_stage.py
[2025-07-15T00:13:23.712+0000] {processor.py:840} INFO - DAG(s) 'data_extraction_to_snowflake' retrieved from /opt/airflow/dags/etl_transfer_to_stage.py
[2025-07-15T00:13:23.723+0000] {logging_mixin.py:188} INFO - [2025-07-15T00:13:23.723+0000] {dag.py:3036} INFO - Sync 1 DAGs
[2025-07-15T00:13:23.732+0000] {logging_mixin.py:188} INFO - [2025-07-15T00:13:23.732+0000] {dag.py:3823} INFO - Setting next_dagrun for data_extraction_to_snowflake to 2025-07-15 00:00:00+00:00, run_after=2025-07-16 00:00:00+00:00
[2025-07-15T00:13:23.738+0000] {processor.py:183} INFO - Processing /opt/airflow/dags/etl_transfer_to_stage.py took 0.034 seconds
[2025-07-15T00:13:53.861+0000] {processor.py:161} INFO - Started process (PID=144) to work on /opt/airflow/dags/etl_transfer_to_stage.py
[2025-07-15T00:13:53.862+0000] {processor.py:830} INFO - Processing file /opt/airflow/dags/etl_transfer_to_stage.py for tasks to queue
[2025-07-15T00:13:53.864+0000] {logging_mixin.py:188} INFO - [2025-07-15T00:13:53.864+0000] {dagbag.py:538} INFO - Filling up the DagBag from /opt/airflow/dags/etl_transfer_to_stage.py
[2025-07-15T00:13:53.871+0000] {processor.py:840} INFO - DAG(s) 'data_extraction_to_snowflake' retrieved from /opt/airflow/dags/etl_transfer_to_stage.py
[2025-07-15T00:13:53.887+0000] {logging_mixin.py:188} INFO - [2025-07-15T00:13:53.887+0000] {dag.py:3036} INFO - Sync 1 DAGs
[2025-07-15T00:13:53.897+0000] {logging_mixin.py:188} INFO - [2025-07-15T00:13:53.897+0000] {dag.py:3823} INFO - Setting next_dagrun for data_extraction_to_snowflake to 2025-07-15 00:00:00+00:00, run_after=2025-07-16 00:00:00+00:00
[2025-07-15T00:13:53.904+0000] {processor.py:183} INFO - Processing /opt/airflow/dags/etl_transfer_to_stage.py took 0.045 seconds
[2025-07-15T00:14:23.999+0000] {processor.py:161} INFO - Started process (PID=151) to work on /opt/airflow/dags/etl_transfer_to_stage.py
[2025-07-15T00:14:24.000+0000] {processor.py:830} INFO - Processing file /opt/airflow/dags/etl_transfer_to_stage.py for tasks to queue
[2025-07-15T00:14:24.002+0000] {logging_mixin.py:188} INFO - [2025-07-15T00:14:24.002+0000] {dagbag.py:538} INFO - Filling up the DagBag from /opt/airflow/dags/etl_transfer_to_stage.py
[2025-07-15T00:14:24.009+0000] {processor.py:840} INFO - DAG(s) 'data_extraction_to_snowflake' retrieved from /opt/airflow/dags/etl_transfer_to_stage.py
[2025-07-15T00:14:24.026+0000] {logging_mixin.py:188} INFO - [2025-07-15T00:14:24.026+0000] {dag.py:3036} INFO - Sync 1 DAGs
[2025-07-15T00:14:24.036+0000] {logging_mixin.py:188} INFO - [2025-07-15T00:14:24.036+0000] {dag.py:3823} INFO - Setting next_dagrun for data_extraction_to_snowflake to 2025-07-15 00:00:00+00:00, run_after=2025-07-16 00:00:00+00:00
[2025-07-15T00:14:24.043+0000] {processor.py:183} INFO - Processing /opt/airflow/dags/etl_transfer_to_stage.py took 0.047 seconds
[2025-07-15T00:14:54.172+0000] {processor.py:161} INFO - Started process (PID=158) to work on /opt/airflow/dags/etl_transfer_to_stage.py
[2025-07-15T00:14:54.173+0000] {processor.py:830} INFO - Processing file /opt/airflow/dags/etl_transfer_to_stage.py for tasks to queue
[2025-07-15T00:14:54.174+0000] {logging_mixin.py:188} INFO - [2025-07-15T00:14:54.174+0000] {dagbag.py:538} INFO - Filling up the DagBag from /opt/airflow/dags/etl_transfer_to_stage.py
[2025-07-15T00:14:54.178+0000] {processor.py:840} INFO - DAG(s) 'data_extraction_to_snowflake' retrieved from /opt/airflow/dags/etl_transfer_to_stage.py
[2025-07-15T00:14:54.191+0000] {logging_mixin.py:188} INFO - [2025-07-15T00:14:54.190+0000] {dag.py:3036} INFO - Sync 1 DAGs
[2025-07-15T00:14:54.200+0000] {logging_mixin.py:188} INFO - [2025-07-15T00:14:54.200+0000] {dag.py:3823} INFO - Setting next_dagrun for data_extraction_to_snowflake to 2025-07-15 00:00:00+00:00, run_after=2025-07-16 00:00:00+00:00
[2025-07-15T00:14:54.206+0000] {processor.py:183} INFO - Processing /opt/airflow/dags/etl_transfer_to_stage.py took 0.035 seconds
[2025-07-15T00:15:24.344+0000] {processor.py:161} INFO - Started process (PID=165) to work on /opt/airflow/dags/etl_transfer_to_stage.py
[2025-07-15T00:15:24.344+0000] {processor.py:830} INFO - Processing file /opt/airflow/dags/etl_transfer_to_stage.py for tasks to queue
[2025-07-15T00:15:24.345+0000] {logging_mixin.py:188} INFO - [2025-07-15T00:15:24.345+0000] {dagbag.py:538} INFO - Filling up the DagBag from /opt/airflow/dags/etl_transfer_to_stage.py
[2025-07-15T00:15:24.353+0000] {processor.py:840} INFO - DAG(s) 'data_extraction_to_snowflake' retrieved from /opt/airflow/dags/etl_transfer_to_stage.py
[2025-07-15T00:15:24.378+0000] {logging_mixin.py:188} INFO - [2025-07-15T00:15:24.377+0000] {dag.py:3036} INFO - Sync 1 DAGs
[2025-07-15T00:15:24.388+0000] {logging_mixin.py:188} INFO - [2025-07-15T00:15:24.388+0000] {dag.py:3823} INFO - Setting next_dagrun for data_extraction_to_snowflake to 2025-07-15 00:00:00+00:00, run_after=2025-07-16 00:00:00+00:00
[2025-07-15T00:15:24.397+0000] {processor.py:183} INFO - Processing /opt/airflow/dags/etl_transfer_to_stage.py took 0.055 seconds
[2025-07-15T00:15:54.506+0000] {processor.py:161} INFO - Started process (PID=172) to work on /opt/airflow/dags/etl_transfer_to_stage.py
[2025-07-15T00:15:54.507+0000] {processor.py:830} INFO - Processing file /opt/airflow/dags/etl_transfer_to_stage.py for tasks to queue
[2025-07-15T00:15:54.508+0000] {logging_mixin.py:188} INFO - [2025-07-15T00:15:54.508+0000] {dagbag.py:538} INFO - Filling up the DagBag from /opt/airflow/dags/etl_transfer_to_stage.py
[2025-07-15T00:15:54.513+0000] {processor.py:840} INFO - DAG(s) 'data_extraction_to_snowflake' retrieved from /opt/airflow/dags/etl_transfer_to_stage.py
[2025-07-15T00:15:54.524+0000] {logging_mixin.py:188} INFO - [2025-07-15T00:15:54.524+0000] {dag.py:3036} INFO - Sync 1 DAGs
[2025-07-15T00:15:54.534+0000] {logging_mixin.py:188} INFO - [2025-07-15T00:15:54.534+0000] {dag.py:3823} INFO - Setting next_dagrun for data_extraction_to_snowflake to 2025-07-15 00:00:00+00:00, run_after=2025-07-16 00:00:00+00:00
[2025-07-15T00:15:54.541+0000] {processor.py:183} INFO - Processing /opt/airflow/dags/etl_transfer_to_stage.py took 0.036 seconds
[2025-07-15T00:16:20.650+0000] {processor.py:161} INFO - Started process (PID=179) to work on /opt/airflow/dags/etl_transfer_to_stage.py
[2025-07-15T00:16:20.652+0000] {processor.py:830} INFO - Processing file /opt/airflow/dags/etl_transfer_to_stage.py for tasks to queue
[2025-07-15T00:16:20.653+0000] {logging_mixin.py:188} INFO - [2025-07-15T00:16:20.653+0000] {dagbag.py:538} INFO - Filling up the DagBag from /opt/airflow/dags/etl_transfer_to_stage.py
[2025-07-15T00:16:20.658+0000] {processor.py:840} INFO - DAG(s) 'data_extraction_to_snowflake' retrieved from /opt/airflow/dags/etl_transfer_to_stage.py
[2025-07-15T00:16:20.671+0000] {logging_mixin.py:188} INFO - [2025-07-15T00:16:20.670+0000] {dag.py:3036} INFO - Sync 1 DAGs
[2025-07-15T00:16:20.680+0000] {logging_mixin.py:188} INFO - [2025-07-15T00:16:20.680+0000] {dag.py:3823} INFO - Setting next_dagrun for data_extraction_to_snowflake to 2025-07-15 00:00:00+00:00, run_after=2025-07-16 00:00:00+00:00
[2025-07-15T00:16:20.687+0000] {processor.py:183} INFO - Processing /opt/airflow/dags/etl_transfer_to_stage.py took 0.039 seconds
[2025-07-15T00:16:50.809+0000] {processor.py:161} INFO - Started process (PID=195) to work on /opt/airflow/dags/etl_transfer_to_stage.py
[2025-07-15T00:16:50.810+0000] {processor.py:830} INFO - Processing file /opt/airflow/dags/etl_transfer_to_stage.py for tasks to queue
[2025-07-15T00:16:50.811+0000] {logging_mixin.py:188} INFO - [2025-07-15T00:16:50.811+0000] {dagbag.py:538} INFO - Filling up the DagBag from /opt/airflow/dags/etl_transfer_to_stage.py
[2025-07-15T00:16:50.816+0000] {processor.py:840} INFO - DAG(s) 'data_extraction_to_snowflake' retrieved from /opt/airflow/dags/etl_transfer_to_stage.py
[2025-07-15T00:16:50.827+0000] {logging_mixin.py:188} INFO - [2025-07-15T00:16:50.827+0000] {dag.py:3036} INFO - Sync 1 DAGs
[2025-07-15T00:16:50.835+0000] {logging_mixin.py:188} INFO - [2025-07-15T00:16:50.835+0000] {dag.py:3823} INFO - Setting next_dagrun for data_extraction_to_snowflake to 2025-07-15 00:00:00+00:00, run_after=2025-07-16 00:00:00+00:00
[2025-07-15T00:16:50.841+0000] {processor.py:183} INFO - Processing /opt/airflow/dags/etl_transfer_to_stage.py took 0.034 seconds
[2025-07-15T00:17:20.963+0000] {processor.py:161} INFO - Started process (PID=202) to work on /opt/airflow/dags/etl_transfer_to_stage.py
[2025-07-15T00:17:20.964+0000] {processor.py:830} INFO - Processing file /opt/airflow/dags/etl_transfer_to_stage.py for tasks to queue
[2025-07-15T00:17:20.966+0000] {logging_mixin.py:188} INFO - [2025-07-15T00:17:20.965+0000] {dagbag.py:538} INFO - Filling up the DagBag from /opt/airflow/dags/etl_transfer_to_stage.py
[2025-07-15T00:17:20.971+0000] {processor.py:840} INFO - DAG(s) 'data_extraction_to_snowflake' retrieved from /opt/airflow/dags/etl_transfer_to_stage.py
[2025-07-15T00:17:20.983+0000] {logging_mixin.py:188} INFO - [2025-07-15T00:17:20.983+0000] {dag.py:3036} INFO - Sync 1 DAGs
[2025-07-15T00:17:20.993+0000] {logging_mixin.py:188} INFO - [2025-07-15T00:17:20.993+0000] {dag.py:3823} INFO - Setting next_dagrun for data_extraction_to_snowflake to 2025-07-15 00:00:00+00:00, run_after=2025-07-16 00:00:00+00:00
[2025-07-15T00:17:21.000+0000] {processor.py:183} INFO - Processing /opt/airflow/dags/etl_transfer_to_stage.py took 0.038 seconds
[2025-07-15T00:17:51.135+0000] {processor.py:161} INFO - Started process (PID=209) to work on /opt/airflow/dags/etl_transfer_to_stage.py
[2025-07-15T00:17:51.135+0000] {processor.py:830} INFO - Processing file /opt/airflow/dags/etl_transfer_to_stage.py for tasks to queue
[2025-07-15T00:17:51.136+0000] {logging_mixin.py:188} INFO - [2025-07-15T00:17:51.136+0000] {dagbag.py:538} INFO - Filling up the DagBag from /opt/airflow/dags/etl_transfer_to_stage.py
[2025-07-15T00:17:51.141+0000] {processor.py:840} INFO - DAG(s) 'data_extraction_to_snowflake' retrieved from /opt/airflow/dags/etl_transfer_to_stage.py
[2025-07-15T00:17:51.151+0000] {logging_mixin.py:188} INFO - [2025-07-15T00:17:51.151+0000] {dag.py:3036} INFO - Sync 1 DAGs
[2025-07-15T00:17:51.160+0000] {logging_mixin.py:188} INFO - [2025-07-15T00:17:51.160+0000] {dag.py:3823} INFO - Setting next_dagrun for data_extraction_to_snowflake to 2025-07-15 00:00:00+00:00, run_after=2025-07-16 00:00:00+00:00
[2025-07-15T00:17:51.166+0000] {processor.py:183} INFO - Processing /opt/airflow/dags/etl_transfer_to_stage.py took 0.033 seconds
[2025-07-15T00:18:21.278+0000] {processor.py:161} INFO - Started process (PID=217) to work on /opt/airflow/dags/etl_transfer_to_stage.py
[2025-07-15T00:18:21.279+0000] {processor.py:830} INFO - Processing file /opt/airflow/dags/etl_transfer_to_stage.py for tasks to queue
[2025-07-15T00:18:21.280+0000] {logging_mixin.py:188} INFO - [2025-07-15T00:18:21.280+0000] {dagbag.py:538} INFO - Filling up the DagBag from /opt/airflow/dags/etl_transfer_to_stage.py
[2025-07-15T00:18:21.286+0000] {processor.py:840} INFO - DAG(s) 'data_extraction_to_snowflake' retrieved from /opt/airflow/dags/etl_transfer_to_stage.py
[2025-07-15T00:18:21.300+0000] {logging_mixin.py:188} INFO - [2025-07-15T00:18:21.299+0000] {dag.py:3036} INFO - Sync 1 DAGs
[2025-07-15T00:18:21.310+0000] {logging_mixin.py:188} INFO - [2025-07-15T00:18:21.310+0000] {dag.py:3823} INFO - Setting next_dagrun for data_extraction_to_snowflake to 2025-07-15 00:00:00+00:00, run_after=2025-07-16 00:00:00+00:00
[2025-07-15T00:18:21.317+0000] {processor.py:183} INFO - Processing /opt/airflow/dags/etl_transfer_to_stage.py took 0.041 seconds
[2025-07-15T00:18:51.415+0000] {processor.py:161} INFO - Started process (PID=224) to work on /opt/airflow/dags/etl_transfer_to_stage.py
[2025-07-15T00:18:51.416+0000] {processor.py:830} INFO - Processing file /opt/airflow/dags/etl_transfer_to_stage.py for tasks to queue
[2025-07-15T00:18:51.419+0000] {logging_mixin.py:188} INFO - [2025-07-15T00:18:51.419+0000] {dagbag.py:538} INFO - Filling up the DagBag from /opt/airflow/dags/etl_transfer_to_stage.py
[2025-07-15T00:18:51.427+0000] {processor.py:840} INFO - DAG(s) 'data_extraction_to_snowflake' retrieved from /opt/airflow/dags/etl_transfer_to_stage.py
[2025-07-15T00:18:51.450+0000] {logging_mixin.py:188} INFO - [2025-07-15T00:18:51.450+0000] {dag.py:3036} INFO - Sync 1 DAGs
[2025-07-15T00:18:51.465+0000] {logging_mixin.py:188} INFO - [2025-07-15T00:18:51.465+0000] {dag.py:3823} INFO - Setting next_dagrun for data_extraction_to_snowflake to 2025-07-15 00:00:00+00:00, run_after=2025-07-16 00:00:00+00:00
[2025-07-15T00:18:51.473+0000] {processor.py:183} INFO - Processing /opt/airflow/dags/etl_transfer_to_stage.py took 0.060 seconds
[2025-07-15T00:19:21.580+0000] {processor.py:161} INFO - Started process (PID=240) to work on /opt/airflow/dags/etl_transfer_to_stage.py
[2025-07-15T00:19:21.581+0000] {processor.py:830} INFO - Processing file /opt/airflow/dags/etl_transfer_to_stage.py for tasks to queue
[2025-07-15T00:19:21.582+0000] {logging_mixin.py:188} INFO - [2025-07-15T00:19:21.582+0000] {dagbag.py:538} INFO - Filling up the DagBag from /opt/airflow/dags/etl_transfer_to_stage.py
[2025-07-15T00:19:21.587+0000] {processor.py:840} INFO - DAG(s) 'data_extraction_to_snowflake' retrieved from /opt/airflow/dags/etl_transfer_to_stage.py
[2025-07-15T00:19:21.599+0000] {logging_mixin.py:188} INFO - [2025-07-15T00:19:21.599+0000] {dag.py:3036} INFO - Sync 1 DAGs
[2025-07-15T00:19:21.608+0000] {logging_mixin.py:188} INFO - [2025-07-15T00:19:21.608+0000] {dag.py:3823} INFO - Setting next_dagrun for data_extraction_to_snowflake to 2025-07-15 00:00:00+00:00, run_after=2025-07-16 00:00:00+00:00
[2025-07-15T00:19:21.615+0000] {processor.py:183} INFO - Processing /opt/airflow/dags/etl_transfer_to_stage.py took 0.037 seconds
[2025-07-15T00:19:51.744+0000] {processor.py:161} INFO - Started process (PID=247) to work on /opt/airflow/dags/etl_transfer_to_stage.py
[2025-07-15T00:19:51.744+0000] {processor.py:830} INFO - Processing file /opt/airflow/dags/etl_transfer_to_stage.py for tasks to queue
[2025-07-15T00:19:51.745+0000] {logging_mixin.py:188} INFO - [2025-07-15T00:19:51.745+0000] {dagbag.py:538} INFO - Filling up the DagBag from /opt/airflow/dags/etl_transfer_to_stage.py
[2025-07-15T00:19:51.749+0000] {processor.py:840} INFO - DAG(s) 'data_extraction_to_snowflake' retrieved from /opt/airflow/dags/etl_transfer_to_stage.py
[2025-07-15T00:19:51.761+0000] {logging_mixin.py:188} INFO - [2025-07-15T00:19:51.760+0000] {dag.py:3036} INFO - Sync 1 DAGs
[2025-07-15T00:19:51.770+0000] {logging_mixin.py:188} INFO - [2025-07-15T00:19:51.770+0000] {dag.py:3823} INFO - Setting next_dagrun for data_extraction_to_snowflake to 2025-07-15 00:00:00+00:00, run_after=2025-07-16 00:00:00+00:00
[2025-07-15T00:19:51.778+0000] {processor.py:183} INFO - Processing /opt/airflow/dags/etl_transfer_to_stage.py took 0.035 seconds
[2025-07-15T00:20:32.807+0000] {processor.py:161} INFO - Started process (PID=61) to work on /opt/airflow/dags/etl_transfer_to_stage.py
[2025-07-15T00:20:32.808+0000] {processor.py:830} INFO - Processing file /opt/airflow/dags/etl_transfer_to_stage.py for tasks to queue
[2025-07-15T00:20:32.812+0000] {logging_mixin.py:188} INFO - [2025-07-15T00:20:32.811+0000] {dagbag.py:538} INFO - Filling up the DagBag from /opt/airflow/dags/etl_transfer_to_stage.py
[2025-07-15T00:20:32.827+0000] {processor.py:840} INFO - DAG(s) 'data_extraction_to_snowflake' retrieved from /opt/airflow/dags/etl_transfer_to_stage.py
[2025-07-15T00:20:32.890+0000] {logging_mixin.py:188} INFO - [2025-07-15T00:20:32.890+0000] {dag.py:3036} INFO - Sync 1 DAGs
[2025-07-15T00:20:32.903+0000] {logging_mixin.py:188} INFO - [2025-07-15T00:20:32.903+0000] {dag.py:3823} INFO - Setting next_dagrun for data_extraction_to_snowflake to 2025-07-15 00:00:00+00:00, run_after=2025-07-16 00:00:00+00:00
[2025-07-15T00:20:32.920+0000] {processor.py:183} INFO - Processing /opt/airflow/dags/etl_transfer_to_stage.py took 0.116 seconds
[2025-07-15T00:21:02.986+0000] {processor.py:161} INFO - Started process (PID=68) to work on /opt/airflow/dags/etl_transfer_to_stage.py
[2025-07-15T00:21:02.987+0000] {processor.py:830} INFO - Processing file /opt/airflow/dags/etl_transfer_to_stage.py for tasks to queue
[2025-07-15T00:21:02.988+0000] {logging_mixin.py:188} INFO - [2025-07-15T00:21:02.987+0000] {dagbag.py:538} INFO - Filling up the DagBag from /opt/airflow/dags/etl_transfer_to_stage.py
[2025-07-15T00:21:02.993+0000] {processor.py:840} INFO - DAG(s) 'data_extraction_to_snowflake' retrieved from /opt/airflow/dags/etl_transfer_to_stage.py
[2025-07-15T00:21:03.005+0000] {logging_mixin.py:188} INFO - [2025-07-15T00:21:03.005+0000] {dag.py:3036} INFO - Sync 1 DAGs
[2025-07-15T00:21:03.015+0000] {logging_mixin.py:188} INFO - [2025-07-15T00:21:03.015+0000] {dag.py:3823} INFO - Setting next_dagrun for data_extraction_to_snowflake to 2025-07-15 00:00:00+00:00, run_after=2025-07-16 00:00:00+00:00
[2025-07-15T00:21:03.021+0000] {processor.py:183} INFO - Processing /opt/airflow/dags/etl_transfer_to_stage.py took 0.037 seconds
[2025-07-15T00:21:33.141+0000] {processor.py:161} INFO - Started process (PID=75) to work on /opt/airflow/dags/etl_transfer_to_stage.py
[2025-07-15T00:21:33.141+0000] {processor.py:830} INFO - Processing file /opt/airflow/dags/etl_transfer_to_stage.py for tasks to queue
[2025-07-15T00:21:33.143+0000] {logging_mixin.py:188} INFO - [2025-07-15T00:21:33.142+0000] {dagbag.py:538} INFO - Filling up the DagBag from /opt/airflow/dags/etl_transfer_to_stage.py
[2025-07-15T00:21:33.148+0000] {processor.py:840} INFO - DAG(s) 'data_extraction_to_snowflake' retrieved from /opt/airflow/dags/etl_transfer_to_stage.py
[2025-07-15T00:21:33.160+0000] {logging_mixin.py:188} INFO - [2025-07-15T00:21:33.160+0000] {dag.py:3036} INFO - Sync 1 DAGs
[2025-07-15T00:21:33.169+0000] {logging_mixin.py:188} INFO - [2025-07-15T00:21:33.169+0000] {dag.py:3823} INFO - Setting next_dagrun for data_extraction_to_snowflake to 2025-07-15 00:00:00+00:00, run_after=2025-07-16 00:00:00+00:00
[2025-07-15T00:21:33.176+0000] {processor.py:183} INFO - Processing /opt/airflow/dags/etl_transfer_to_stage.py took 0.037 seconds
[2025-07-15T00:22:03.288+0000] {processor.py:161} INFO - Started process (PID=82) to work on /opt/airflow/dags/etl_transfer_to_stage.py
[2025-07-15T00:22:03.289+0000] {processor.py:830} INFO - Processing file /opt/airflow/dags/etl_transfer_to_stage.py for tasks to queue
[2025-07-15T00:22:03.289+0000] {logging_mixin.py:188} INFO - [2025-07-15T00:22:03.289+0000] {dagbag.py:538} INFO - Filling up the DagBag from /opt/airflow/dags/etl_transfer_to_stage.py
[2025-07-15T00:22:03.294+0000] {processor.py:840} INFO - DAG(s) 'data_extraction_to_snowflake' retrieved from /opt/airflow/dags/etl_transfer_to_stage.py
[2025-07-15T00:22:03.305+0000] {logging_mixin.py:188} INFO - [2025-07-15T00:22:03.305+0000] {dag.py:3036} INFO - Sync 1 DAGs
[2025-07-15T00:22:03.314+0000] {logging_mixin.py:188} INFO - [2025-07-15T00:22:03.314+0000] {dag.py:3823} INFO - Setting next_dagrun for data_extraction_to_snowflake to 2025-07-15 00:00:00+00:00, run_after=2025-07-16 00:00:00+00:00
[2025-07-15T00:22:03.321+0000] {processor.py:183} INFO - Processing /opt/airflow/dags/etl_transfer_to_stage.py took 0.034 seconds
[2025-07-15T00:22:33.449+0000] {processor.py:161} INFO - Started process (PID=89) to work on /opt/airflow/dags/etl_transfer_to_stage.py
[2025-07-15T00:22:33.450+0000] {processor.py:830} INFO - Processing file /opt/airflow/dags/etl_transfer_to_stage.py for tasks to queue
[2025-07-15T00:22:33.451+0000] {logging_mixin.py:188} INFO - [2025-07-15T00:22:33.450+0000] {dagbag.py:538} INFO - Filling up the DagBag from /opt/airflow/dags/etl_transfer_to_stage.py
[2025-07-15T00:22:33.455+0000] {processor.py:840} INFO - DAG(s) 'data_extraction_to_snowflake' retrieved from /opt/airflow/dags/etl_transfer_to_stage.py
[2025-07-15T00:22:33.466+0000] {logging_mixin.py:188} INFO - [2025-07-15T00:22:33.466+0000] {dag.py:3036} INFO - Sync 1 DAGs
[2025-07-15T00:22:33.474+0000] {logging_mixin.py:188} INFO - [2025-07-15T00:22:33.474+0000] {dag.py:3823} INFO - Setting next_dagrun for data_extraction_to_snowflake to 2025-07-15 00:00:00+00:00, run_after=2025-07-16 00:00:00+00:00
[2025-07-15T00:22:33.481+0000] {processor.py:183} INFO - Processing /opt/airflow/dags/etl_transfer_to_stage.py took 0.034 seconds
[2025-07-15T00:23:04.488+0000] {processor.py:161} INFO - Started process (PID=105) to work on /opt/airflow/dags/etl_transfer_to_stage.py
[2025-07-15T00:23:04.489+0000] {processor.py:830} INFO - Processing file /opt/airflow/dags/etl_transfer_to_stage.py for tasks to queue
[2025-07-15T00:23:04.491+0000] {logging_mixin.py:188} INFO - [2025-07-15T00:23:04.491+0000] {dagbag.py:538} INFO - Filling up the DagBag from /opt/airflow/dags/etl_transfer_to_stage.py
[2025-07-15T00:23:04.497+0000] {processor.py:840} INFO - DAG(s) 'data_extraction_to_snowflake' retrieved from /opt/airflow/dags/etl_transfer_to_stage.py
[2025-07-15T00:23:04.511+0000] {logging_mixin.py:188} INFO - [2025-07-15T00:23:04.511+0000] {dag.py:3036} INFO - Sync 1 DAGs
[2025-07-15T00:23:04.522+0000] {logging_mixin.py:188} INFO - [2025-07-15T00:23:04.522+0000] {dag.py:3823} INFO - Setting next_dagrun for data_extraction_to_snowflake to 2025-07-15 00:00:00+00:00, run_after=2025-07-16 00:00:00+00:00
[2025-07-15T00:23:04.529+0000] {processor.py:183} INFO - Processing /opt/airflow/dags/etl_transfer_to_stage.py took 0.044 seconds
[2025-07-15T00:23:34.631+0000] {processor.py:161} INFO - Started process (PID=112) to work on /opt/airflow/dags/etl_transfer_to_stage.py
[2025-07-15T00:23:34.632+0000] {processor.py:830} INFO - Processing file /opt/airflow/dags/etl_transfer_to_stage.py for tasks to queue
[2025-07-15T00:23:34.633+0000] {logging_mixin.py:188} INFO - [2025-07-15T00:23:34.633+0000] {dagbag.py:538} INFO - Filling up the DagBag from /opt/airflow/dags/etl_transfer_to_stage.py
[2025-07-15T00:23:34.638+0000] {processor.py:840} INFO - DAG(s) 'data_extraction_to_snowflake' retrieved from /opt/airflow/dags/etl_transfer_to_stage.py
[2025-07-15T00:23:34.650+0000] {logging_mixin.py:188} INFO - [2025-07-15T00:23:34.650+0000] {dag.py:3036} INFO - Sync 1 DAGs
[2025-07-15T00:23:34.660+0000] {logging_mixin.py:188} INFO - [2025-07-15T00:23:34.660+0000] {dag.py:3823} INFO - Setting next_dagrun for data_extraction_to_snowflake to 2025-07-15 00:00:00+00:00, run_after=2025-07-16 00:00:00+00:00
[2025-07-15T00:23:34.666+0000] {processor.py:183} INFO - Processing /opt/airflow/dags/etl_transfer_to_stage.py took 0.038 seconds
[2025-07-15T00:24:04.813+0000] {processor.py:161} INFO - Started process (PID=119) to work on /opt/airflow/dags/etl_transfer_to_stage.py
[2025-07-15T00:24:04.815+0000] {processor.py:830} INFO - Processing file /opt/airflow/dags/etl_transfer_to_stage.py for tasks to queue
[2025-07-15T00:24:04.816+0000] {logging_mixin.py:188} INFO - [2025-07-15T00:24:04.816+0000] {dagbag.py:538} INFO - Filling up the DagBag from /opt/airflow/dags/etl_transfer_to_stage.py
[2025-07-15T00:24:04.821+0000] {processor.py:840} INFO - DAG(s) 'data_extraction_to_snowflake' retrieved from /opt/airflow/dags/etl_transfer_to_stage.py
[2025-07-15T00:24:04.833+0000] {logging_mixin.py:188} INFO - [2025-07-15T00:24:04.833+0000] {dag.py:3036} INFO - Sync 1 DAGs
[2025-07-15T00:24:04.843+0000] {logging_mixin.py:188} INFO - [2025-07-15T00:24:04.843+0000] {dag.py:3823} INFO - Setting next_dagrun for data_extraction_to_snowflake to 2025-07-15 00:00:00+00:00, run_after=2025-07-16 00:00:00+00:00
[2025-07-15T00:24:04.850+0000] {processor.py:183} INFO - Processing /opt/airflow/dags/etl_transfer_to_stage.py took 0.038 seconds
[2025-07-15T00:24:34.973+0000] {processor.py:161} INFO - Started process (PID=132) to work on /opt/airflow/dags/etl_transfer_to_stage.py
[2025-07-15T00:24:34.973+0000] {processor.py:830} INFO - Processing file /opt/airflow/dags/etl_transfer_to_stage.py for tasks to queue
[2025-07-15T00:24:34.974+0000] {logging_mixin.py:188} INFO - [2025-07-15T00:24:34.974+0000] {dagbag.py:538} INFO - Filling up the DagBag from /opt/airflow/dags/etl_transfer_to_stage.py
[2025-07-15T00:24:34.979+0000] {processor.py:840} INFO - DAG(s) 'data_extraction_to_snowflake' retrieved from /opt/airflow/dags/etl_transfer_to_stage.py
[2025-07-15T00:24:34.991+0000] {logging_mixin.py:188} INFO - [2025-07-15T00:24:34.991+0000] {dag.py:3036} INFO - Sync 1 DAGs
[2025-07-15T00:24:35.000+0000] {logging_mixin.py:188} INFO - [2025-07-15T00:24:35.000+0000] {dag.py:3823} INFO - Setting next_dagrun for data_extraction_to_snowflake to 2025-07-15 00:00:00+00:00, run_after=2025-07-16 00:00:00+00:00
[2025-07-15T00:24:35.009+0000] {processor.py:183} INFO - Processing /opt/airflow/dags/etl_transfer_to_stage.py took 0.038 seconds
[2025-07-15T00:25:05.118+0000] {processor.py:161} INFO - Started process (PID=139) to work on /opt/airflow/dags/etl_transfer_to_stage.py
[2025-07-15T00:25:05.119+0000] {processor.py:830} INFO - Processing file /opt/airflow/dags/etl_transfer_to_stage.py for tasks to queue
[2025-07-15T00:25:05.120+0000] {logging_mixin.py:188} INFO - [2025-07-15T00:25:05.120+0000] {dagbag.py:538} INFO - Filling up the DagBag from /opt/airflow/dags/etl_transfer_to_stage.py
[2025-07-15T00:25:05.125+0000] {processor.py:840} INFO - DAG(s) 'data_extraction_to_snowflake' retrieved from /opt/airflow/dags/etl_transfer_to_stage.py
[2025-07-15T00:25:05.137+0000] {logging_mixin.py:188} INFO - [2025-07-15T00:25:05.137+0000] {dag.py:3036} INFO - Sync 1 DAGs
[2025-07-15T00:25:05.146+0000] {logging_mixin.py:188} INFO - [2025-07-15T00:25:05.146+0000] {dag.py:3823} INFO - Setting next_dagrun for data_extraction_to_snowflake to 2025-07-15 00:00:00+00:00, run_after=2025-07-16 00:00:00+00:00
[2025-07-15T00:25:05.153+0000] {processor.py:183} INFO - Processing /opt/airflow/dags/etl_transfer_to_stage.py took 0.037 seconds
[2025-07-15T00:25:35.292+0000] {processor.py:161} INFO - Started process (PID=146) to work on /opt/airflow/dags/etl_transfer_to_stage.py
[2025-07-15T00:25:35.293+0000] {processor.py:830} INFO - Processing file /opt/airflow/dags/etl_transfer_to_stage.py for tasks to queue
[2025-07-15T00:25:35.294+0000] {logging_mixin.py:188} INFO - [2025-07-15T00:25:35.294+0000] {dagbag.py:538} INFO - Filling up the DagBag from /opt/airflow/dags/etl_transfer_to_stage.py
[2025-07-15T00:25:35.299+0000] {processor.py:840} INFO - DAG(s) 'data_extraction_to_snowflake' retrieved from /opt/airflow/dags/etl_transfer_to_stage.py
[2025-07-15T00:25:35.311+0000] {logging_mixin.py:188} INFO - [2025-07-15T00:25:35.311+0000] {dag.py:3036} INFO - Sync 1 DAGs
[2025-07-15T00:25:35.320+0000] {logging_mixin.py:188} INFO - [2025-07-15T00:25:35.320+0000] {dag.py:3823} INFO - Setting next_dagrun for data_extraction_to_snowflake to 2025-07-15 00:00:00+00:00, run_after=2025-07-16 00:00:00+00:00
[2025-07-15T00:25:35.328+0000] {processor.py:183} INFO - Processing /opt/airflow/dags/etl_transfer_to_stage.py took 0.037 seconds
[2025-07-15T00:26:05.464+0000] {processor.py:161} INFO - Started process (PID=153) to work on /opt/airflow/dags/etl_transfer_to_stage.py
[2025-07-15T00:26:05.465+0000] {processor.py:830} INFO - Processing file /opt/airflow/dags/etl_transfer_to_stage.py for tasks to queue
[2025-07-15T00:26:05.466+0000] {logging_mixin.py:188} INFO - [2025-07-15T00:26:05.465+0000] {dagbag.py:538} INFO - Filling up the DagBag from /opt/airflow/dags/etl_transfer_to_stage.py
[2025-07-15T00:26:05.470+0000] {processor.py:840} INFO - DAG(s) 'data_extraction_to_snowflake' retrieved from /opt/airflow/dags/etl_transfer_to_stage.py
[2025-07-15T00:26:05.480+0000] {logging_mixin.py:188} INFO - [2025-07-15T00:26:05.480+0000] {dag.py:3036} INFO - Sync 1 DAGs
[2025-07-15T00:26:05.489+0000] {logging_mixin.py:188} INFO - [2025-07-15T00:26:05.489+0000] {dag.py:3823} INFO - Setting next_dagrun for data_extraction_to_snowflake to 2025-07-15 00:00:00+00:00, run_after=2025-07-16 00:00:00+00:00
[2025-07-15T00:26:05.496+0000] {processor.py:183} INFO - Processing /opt/airflow/dags/etl_transfer_to_stage.py took 0.033 seconds
[2025-07-15T00:26:35.635+0000] {processor.py:161} INFO - Started process (PID=160) to work on /opt/airflow/dags/etl_transfer_to_stage.py
[2025-07-15T00:26:35.636+0000] {processor.py:830} INFO - Processing file /opt/airflow/dags/etl_transfer_to_stage.py for tasks to queue
[2025-07-15T00:26:35.637+0000] {logging_mixin.py:188} INFO - [2025-07-15T00:26:35.637+0000] {dagbag.py:538} INFO - Filling up the DagBag from /opt/airflow/dags/etl_transfer_to_stage.py
[2025-07-15T00:26:35.641+0000] {processor.py:840} INFO - DAG(s) 'data_extraction_to_snowflake' retrieved from /opt/airflow/dags/etl_transfer_to_stage.py
[2025-07-15T00:26:35.651+0000] {logging_mixin.py:188} INFO - [2025-07-15T00:26:35.651+0000] {dag.py:3036} INFO - Sync 1 DAGs
[2025-07-15T00:26:35.660+0000] {logging_mixin.py:188} INFO - [2025-07-15T00:26:35.660+0000] {dag.py:3823} INFO - Setting next_dagrun for data_extraction_to_snowflake to 2025-07-15 00:00:00+00:00, run_after=2025-07-16 00:00:00+00:00
[2025-07-15T00:26:35.666+0000] {processor.py:183} INFO - Processing /opt/airflow/dags/etl_transfer_to_stage.py took 0.033 seconds
[2025-07-15T00:27:05.796+0000] {processor.py:161} INFO - Started process (PID=167) to work on /opt/airflow/dags/etl_transfer_to_stage.py
[2025-07-15T00:27:05.796+0000] {processor.py:830} INFO - Processing file /opt/airflow/dags/etl_transfer_to_stage.py for tasks to queue
[2025-07-15T00:27:05.797+0000] {logging_mixin.py:188} INFO - [2025-07-15T00:27:05.797+0000] {dagbag.py:538} INFO - Filling up the DagBag from /opt/airflow/dags/etl_transfer_to_stage.py
[2025-07-15T00:27:05.802+0000] {processor.py:840} INFO - DAG(s) 'data_extraction_to_snowflake' retrieved from /opt/airflow/dags/etl_transfer_to_stage.py
[2025-07-15T00:27:05.812+0000] {logging_mixin.py:188} INFO - [2025-07-15T00:27:05.812+0000] {dag.py:3036} INFO - Sync 1 DAGs
[2025-07-15T00:27:05.820+0000] {logging_mixin.py:188} INFO - [2025-07-15T00:27:05.820+0000] {dag.py:3823} INFO - Setting next_dagrun for data_extraction_to_snowflake to 2025-07-15 00:00:00+00:00, run_after=2025-07-16 00:00:00+00:00
[2025-07-15T00:27:05.827+0000] {processor.py:183} INFO - Processing /opt/airflow/dags/etl_transfer_to_stage.py took 0.033 seconds
[2025-07-15T00:27:35.940+0000] {processor.py:161} INFO - Started process (PID=174) to work on /opt/airflow/dags/etl_transfer_to_stage.py
[2025-07-15T00:27:35.941+0000] {processor.py:830} INFO - Processing file /opt/airflow/dags/etl_transfer_to_stage.py for tasks to queue
[2025-07-15T00:27:35.942+0000] {logging_mixin.py:188} INFO - [2025-07-15T00:27:35.942+0000] {dagbag.py:538} INFO - Filling up the DagBag from /opt/airflow/dags/etl_transfer_to_stage.py
[2025-07-15T00:27:35.946+0000] {processor.py:840} INFO - DAG(s) 'data_extraction_to_snowflake' retrieved from /opt/airflow/dags/etl_transfer_to_stage.py
[2025-07-15T00:27:35.956+0000] {logging_mixin.py:188} INFO - [2025-07-15T00:27:35.956+0000] {dag.py:3036} INFO - Sync 1 DAGs
[2025-07-15T00:27:35.964+0000] {logging_mixin.py:188} INFO - [2025-07-15T00:27:35.964+0000] {dag.py:3823} INFO - Setting next_dagrun for data_extraction_to_snowflake to 2025-07-15 00:00:00+00:00, run_after=2025-07-16 00:00:00+00:00
[2025-07-15T00:27:35.971+0000] {processor.py:183} INFO - Processing /opt/airflow/dags/etl_transfer_to_stage.py took 0.032 seconds
[2025-07-15T00:28:06.089+0000] {processor.py:161} INFO - Started process (PID=181) to work on /opt/airflow/dags/etl_transfer_to_stage.py
[2025-07-15T00:28:06.090+0000] {processor.py:830} INFO - Processing file /opt/airflow/dags/etl_transfer_to_stage.py for tasks to queue
[2025-07-15T00:28:06.091+0000] {logging_mixin.py:188} INFO - [2025-07-15T00:28:06.091+0000] {dagbag.py:538} INFO - Filling up the DagBag from /opt/airflow/dags/etl_transfer_to_stage.py
[2025-07-15T00:28:06.095+0000] {processor.py:840} INFO - DAG(s) 'data_extraction_to_snowflake' retrieved from /opt/airflow/dags/etl_transfer_to_stage.py
[2025-07-15T00:28:06.106+0000] {logging_mixin.py:188} INFO - [2025-07-15T00:28:06.106+0000] {dag.py:3036} INFO - Sync 1 DAGs
[2025-07-15T00:28:06.114+0000] {logging_mixin.py:188} INFO - [2025-07-15T00:28:06.114+0000] {dag.py:3823} INFO - Setting next_dagrun for data_extraction_to_snowflake to 2025-07-15 00:00:00+00:00, run_after=2025-07-16 00:00:00+00:00
[2025-07-15T00:28:06.120+0000] {processor.py:183} INFO - Processing /opt/airflow/dags/etl_transfer_to_stage.py took 0.033 seconds
[2025-07-15T00:28:36.232+0000] {processor.py:161} INFO - Started process (PID=188) to work on /opt/airflow/dags/etl_transfer_to_stage.py
[2025-07-15T00:28:36.233+0000] {processor.py:830} INFO - Processing file /opt/airflow/dags/etl_transfer_to_stage.py for tasks to queue
[2025-07-15T00:28:36.234+0000] {logging_mixin.py:188} INFO - [2025-07-15T00:28:36.233+0000] {dagbag.py:538} INFO - Filling up the DagBag from /opt/airflow/dags/etl_transfer_to_stage.py
[2025-07-15T00:28:36.238+0000] {processor.py:840} INFO - DAG(s) 'data_extraction_to_snowflake' retrieved from /opt/airflow/dags/etl_transfer_to_stage.py
[2025-07-15T00:28:36.251+0000] {logging_mixin.py:188} INFO - [2025-07-15T00:28:36.251+0000] {dag.py:3036} INFO - Sync 1 DAGs
[2025-07-15T00:28:36.261+0000] {logging_mixin.py:188} INFO - [2025-07-15T00:28:36.261+0000] {dag.py:3823} INFO - Setting next_dagrun for data_extraction_to_snowflake to 2025-07-15 00:00:00+00:00, run_after=2025-07-16 00:00:00+00:00
[2025-07-15T00:28:36.272+0000] {processor.py:183} INFO - Processing /opt/airflow/dags/etl_transfer_to_stage.py took 0.041 seconds
[2025-07-15T00:29:06.372+0000] {processor.py:161} INFO - Started process (PID=195) to work on /opt/airflow/dags/etl_transfer_to_stage.py
[2025-07-15T00:29:06.373+0000] {processor.py:830} INFO - Processing file /opt/airflow/dags/etl_transfer_to_stage.py for tasks to queue
[2025-07-15T00:29:06.374+0000] {logging_mixin.py:188} INFO - [2025-07-15T00:29:06.374+0000] {dagbag.py:538} INFO - Filling up the DagBag from /opt/airflow/dags/etl_transfer_to_stage.py
[2025-07-15T00:29:06.378+0000] {processor.py:840} INFO - DAG(s) 'data_extraction_to_snowflake' retrieved from /opt/airflow/dags/etl_transfer_to_stage.py
[2025-07-15T00:29:06.389+0000] {logging_mixin.py:188} INFO - [2025-07-15T00:29:06.388+0000] {dag.py:3036} INFO - Sync 1 DAGs
[2025-07-15T00:29:06.398+0000] {logging_mixin.py:188} INFO - [2025-07-15T00:29:06.398+0000] {dag.py:3823} INFO - Setting next_dagrun for data_extraction_to_snowflake to 2025-07-15 00:00:00+00:00, run_after=2025-07-16 00:00:00+00:00
[2025-07-15T00:29:06.406+0000] {processor.py:183} INFO - Processing /opt/airflow/dags/etl_transfer_to_stage.py took 0.035 seconds
[2025-07-15T00:29:36.547+0000] {processor.py:161} INFO - Started process (PID=202) to work on /opt/airflow/dags/etl_transfer_to_stage.py
[2025-07-15T00:29:36.547+0000] {processor.py:830} INFO - Processing file /opt/airflow/dags/etl_transfer_to_stage.py for tasks to queue
[2025-07-15T00:29:36.548+0000] {logging_mixin.py:188} INFO - [2025-07-15T00:29:36.548+0000] {dagbag.py:538} INFO - Filling up the DagBag from /opt/airflow/dags/etl_transfer_to_stage.py
[2025-07-15T00:29:36.553+0000] {processor.py:840} INFO - DAG(s) 'data_extraction_to_snowflake' retrieved from /opt/airflow/dags/etl_transfer_to_stage.py
[2025-07-15T00:29:36.563+0000] {logging_mixin.py:188} INFO - [2025-07-15T00:29:36.563+0000] {dag.py:3036} INFO - Sync 1 DAGs
[2025-07-15T00:29:36.571+0000] {logging_mixin.py:188} INFO - [2025-07-15T00:29:36.571+0000] {dag.py:3823} INFO - Setting next_dagrun for data_extraction_to_snowflake to 2025-07-15 00:00:00+00:00, run_after=2025-07-16 00:00:00+00:00
[2025-07-15T00:29:36.578+0000] {processor.py:183} INFO - Processing /opt/airflow/dags/etl_transfer_to_stage.py took 0.033 seconds
[2025-07-15T00:30:06.698+0000] {processor.py:161} INFO - Started process (PID=209) to work on /opt/airflow/dags/etl_transfer_to_stage.py
[2025-07-15T00:30:06.698+0000] {processor.py:830} INFO - Processing file /opt/airflow/dags/etl_transfer_to_stage.py for tasks to queue
[2025-07-15T00:30:06.699+0000] {logging_mixin.py:188} INFO - [2025-07-15T00:30:06.699+0000] {dagbag.py:538} INFO - Filling up the DagBag from /opt/airflow/dags/etl_transfer_to_stage.py
[2025-07-15T00:30:06.703+0000] {processor.py:840} INFO - DAG(s) 'data_extraction_to_snowflake' retrieved from /opt/airflow/dags/etl_transfer_to_stage.py
[2025-07-15T00:30:06.714+0000] {logging_mixin.py:188} INFO - [2025-07-15T00:30:06.714+0000] {dag.py:3036} INFO - Sync 1 DAGs
[2025-07-15T00:30:06.722+0000] {logging_mixin.py:188} INFO - [2025-07-15T00:30:06.722+0000] {dag.py:3823} INFO - Setting next_dagrun for data_extraction_to_snowflake to 2025-07-15 00:00:00+00:00, run_after=2025-07-16 00:00:00+00:00
[2025-07-15T00:30:06.729+0000] {processor.py:183} INFO - Processing /opt/airflow/dags/etl_transfer_to_stage.py took 0.033 seconds
[2025-07-15T00:30:36.858+0000] {processor.py:161} INFO - Started process (PID=217) to work on /opt/airflow/dags/etl_transfer_to_stage.py
[2025-07-15T00:30:36.859+0000] {processor.py:830} INFO - Processing file /opt/airflow/dags/etl_transfer_to_stage.py for tasks to queue
[2025-07-15T00:30:36.860+0000] {logging_mixin.py:188} INFO - [2025-07-15T00:30:36.860+0000] {dagbag.py:538} INFO - Filling up the DagBag from /opt/airflow/dags/etl_transfer_to_stage.py
[2025-07-15T00:30:36.864+0000] {processor.py:840} INFO - DAG(s) 'data_extraction_to_snowflake' retrieved from /opt/airflow/dags/etl_transfer_to_stage.py
[2025-07-15T00:30:36.874+0000] {logging_mixin.py:188} INFO - [2025-07-15T00:30:36.874+0000] {dag.py:3036} INFO - Sync 1 DAGs
[2025-07-15T00:30:36.883+0000] {logging_mixin.py:188} INFO - [2025-07-15T00:30:36.882+0000] {dag.py:3823} INFO - Setting next_dagrun for data_extraction_to_snowflake to 2025-07-15 00:00:00+00:00, run_after=2025-07-16 00:00:00+00:00
[2025-07-15T00:30:36.890+0000] {processor.py:183} INFO - Processing /opt/airflow/dags/etl_transfer_to_stage.py took 0.033 seconds
[2025-07-15T00:31:06.999+0000] {processor.py:161} INFO - Started process (PID=233) to work on /opt/airflow/dags/etl_transfer_to_stage.py
[2025-07-15T00:31:07.000+0000] {processor.py:830} INFO - Processing file /opt/airflow/dags/etl_transfer_to_stage.py for tasks to queue
[2025-07-15T00:31:07.001+0000] {logging_mixin.py:188} INFO - [2025-07-15T00:31:07.001+0000] {dagbag.py:538} INFO - Filling up the DagBag from /opt/airflow/dags/etl_transfer_to_stage.py
[2025-07-15T00:31:07.006+0000] {processor.py:840} INFO - DAG(s) 'data_extraction_to_snowflake' retrieved from /opt/airflow/dags/etl_transfer_to_stage.py
[2025-07-15T00:31:07.017+0000] {logging_mixin.py:188} INFO - [2025-07-15T00:31:07.017+0000] {dag.py:3036} INFO - Sync 1 DAGs
[2025-07-15T00:31:07.026+0000] {logging_mixin.py:188} INFO - [2025-07-15T00:31:07.026+0000] {dag.py:3823} INFO - Setting next_dagrun for data_extraction_to_snowflake to 2025-07-15 00:00:00+00:00, run_after=2025-07-16 00:00:00+00:00
[2025-07-15T00:31:07.033+0000] {processor.py:183} INFO - Processing /opt/airflow/dags/etl_transfer_to_stage.py took 0.036 seconds
[2025-07-15T00:31:37.126+0000] {processor.py:161} INFO - Started process (PID=240) to work on /opt/airflow/dags/etl_transfer_to_stage.py
[2025-07-15T00:31:37.126+0000] {processor.py:830} INFO - Processing file /opt/airflow/dags/etl_transfer_to_stage.py for tasks to queue
[2025-07-15T00:31:37.127+0000] {logging_mixin.py:188} INFO - [2025-07-15T00:31:37.127+0000] {dagbag.py:538} INFO - Filling up the DagBag from /opt/airflow/dags/etl_transfer_to_stage.py
[2025-07-15T00:31:37.131+0000] {processor.py:840} INFO - DAG(s) 'data_extraction_to_snowflake' retrieved from /opt/airflow/dags/etl_transfer_to_stage.py
[2025-07-15T00:31:37.142+0000] {logging_mixin.py:188} INFO - [2025-07-15T00:31:37.142+0000] {dag.py:3036} INFO - Sync 1 DAGs
[2025-07-15T00:31:37.151+0000] {logging_mixin.py:188} INFO - [2025-07-15T00:31:37.151+0000] {dag.py:3823} INFO - Setting next_dagrun for data_extraction_to_snowflake to 2025-07-15 00:00:00+00:00, run_after=2025-07-16 00:00:00+00:00
[2025-07-15T00:31:37.158+0000] {processor.py:183} INFO - Processing /opt/airflow/dags/etl_transfer_to_stage.py took 0.034 seconds
[2025-07-15T00:32:07.254+0000] {processor.py:161} INFO - Started process (PID=247) to work on /opt/airflow/dags/etl_transfer_to_stage.py
[2025-07-15T00:32:07.255+0000] {processor.py:830} INFO - Processing file /opt/airflow/dags/etl_transfer_to_stage.py for tasks to queue
[2025-07-15T00:32:07.256+0000] {logging_mixin.py:188} INFO - [2025-07-15T00:32:07.256+0000] {dagbag.py:538} INFO - Filling up the DagBag from /opt/airflow/dags/etl_transfer_to_stage.py
[2025-07-15T00:32:07.261+0000] {processor.py:840} INFO - DAG(s) 'data_extraction_to_snowflake' retrieved from /opt/airflow/dags/etl_transfer_to_stage.py
[2025-07-15T00:32:07.273+0000] {logging_mixin.py:188} INFO - [2025-07-15T00:32:07.272+0000] {dag.py:3036} INFO - Sync 1 DAGs
[2025-07-15T00:32:07.283+0000] {logging_mixin.py:188} INFO - [2025-07-15T00:32:07.283+0000] {dag.py:3823} INFO - Setting next_dagrun for data_extraction_to_snowflake to 2025-07-15 00:00:00+00:00, run_after=2025-07-16 00:00:00+00:00
[2025-07-15T00:32:07.290+0000] {processor.py:183} INFO - Processing /opt/airflow/dags/etl_transfer_to_stage.py took 0.037 seconds
[2025-07-15T00:32:37.443+0000] {processor.py:161} INFO - Started process (PID=254) to work on /opt/airflow/dags/etl_transfer_to_stage.py
[2025-07-15T00:32:37.443+0000] {processor.py:830} INFO - Processing file /opt/airflow/dags/etl_transfer_to_stage.py for tasks to queue
[2025-07-15T00:32:37.444+0000] {logging_mixin.py:188} INFO - [2025-07-15T00:32:37.444+0000] {dagbag.py:538} INFO - Filling up the DagBag from /opt/airflow/dags/etl_transfer_to_stage.py
[2025-07-15T00:32:37.448+0000] {processor.py:840} INFO - DAG(s) 'data_extraction_to_snowflake' retrieved from /opt/airflow/dags/etl_transfer_to_stage.py
[2025-07-15T00:32:37.459+0000] {logging_mixin.py:188} INFO - [2025-07-15T00:32:37.459+0000] {dag.py:3036} INFO - Sync 1 DAGs
[2025-07-15T00:32:37.467+0000] {logging_mixin.py:188} INFO - [2025-07-15T00:32:37.467+0000] {dag.py:3823} INFO - Setting next_dagrun for data_extraction_to_snowflake to 2025-07-15 00:00:00+00:00, run_after=2025-07-16 00:00:00+00:00
[2025-07-15T00:32:37.474+0000] {processor.py:183} INFO - Processing /opt/airflow/dags/etl_transfer_to_stage.py took 0.032 seconds
[2025-07-15T00:33:07.591+0000] {processor.py:161} INFO - Started process (PID=261) to work on /opt/airflow/dags/etl_transfer_to_stage.py
[2025-07-15T00:33:07.592+0000] {processor.py:830} INFO - Processing file /opt/airflow/dags/etl_transfer_to_stage.py for tasks to queue
[2025-07-15T00:33:07.592+0000] {logging_mixin.py:188} INFO - [2025-07-15T00:33:07.592+0000] {dagbag.py:538} INFO - Filling up the DagBag from /opt/airflow/dags/etl_transfer_to_stage.py
[2025-07-15T00:33:07.597+0000] {processor.py:840} INFO - DAG(s) 'data_extraction_to_snowflake' retrieved from /opt/airflow/dags/etl_transfer_to_stage.py
[2025-07-15T00:33:07.607+0000] {logging_mixin.py:188} INFO - [2025-07-15T00:33:07.607+0000] {dag.py:3036} INFO - Sync 1 DAGs
[2025-07-15T00:33:07.615+0000] {logging_mixin.py:188} INFO - [2025-07-15T00:33:07.615+0000] {dag.py:3823} INFO - Setting next_dagrun for data_extraction_to_snowflake to 2025-07-15 00:00:00+00:00, run_after=2025-07-16 00:00:00+00:00
[2025-07-15T00:33:07.622+0000] {processor.py:183} INFO - Processing /opt/airflow/dags/etl_transfer_to_stage.py took 0.032 seconds
[2025-07-15T00:33:37.743+0000] {processor.py:161} INFO - Started process (PID=268) to work on /opt/airflow/dags/etl_transfer_to_stage.py
[2025-07-15T00:33:37.744+0000] {processor.py:830} INFO - Processing file /opt/airflow/dags/etl_transfer_to_stage.py for tasks to queue
[2025-07-15T00:33:37.744+0000] {logging_mixin.py:188} INFO - [2025-07-15T00:33:37.744+0000] {dagbag.py:538} INFO - Filling up the DagBag from /opt/airflow/dags/etl_transfer_to_stage.py
[2025-07-15T00:33:37.749+0000] {processor.py:840} INFO - DAG(s) 'data_extraction_to_snowflake' retrieved from /opt/airflow/dags/etl_transfer_to_stage.py
[2025-07-15T00:33:37.760+0000] {logging_mixin.py:188} INFO - [2025-07-15T00:33:37.760+0000] {dag.py:3036} INFO - Sync 1 DAGs
[2025-07-15T00:33:37.768+0000] {logging_mixin.py:188} INFO - [2025-07-15T00:33:37.768+0000] {dag.py:3823} INFO - Setting next_dagrun for data_extraction_to_snowflake to 2025-07-15 00:00:00+00:00, run_after=2025-07-16 00:00:00+00:00
[2025-07-15T00:33:37.775+0000] {processor.py:183} INFO - Processing /opt/airflow/dags/etl_transfer_to_stage.py took 0.034 seconds
[2025-07-15T00:34:07.900+0000] {processor.py:161} INFO - Started process (PID=275) to work on /opt/airflow/dags/etl_transfer_to_stage.py
[2025-07-15T00:34:07.901+0000] {processor.py:830} INFO - Processing file /opt/airflow/dags/etl_transfer_to_stage.py for tasks to queue
[2025-07-15T00:34:07.902+0000] {logging_mixin.py:188} INFO - [2025-07-15T00:34:07.902+0000] {dagbag.py:538} INFO - Filling up the DagBag from /opt/airflow/dags/etl_transfer_to_stage.py
[2025-07-15T00:34:07.906+0000] {processor.py:840} INFO - DAG(s) 'data_extraction_to_snowflake' retrieved from /opt/airflow/dags/etl_transfer_to_stage.py
[2025-07-15T00:34:07.917+0000] {logging_mixin.py:188} INFO - [2025-07-15T00:34:07.917+0000] {dag.py:3036} INFO - Sync 1 DAGs
[2025-07-15T00:34:07.926+0000] {logging_mixin.py:188} INFO - [2025-07-15T00:34:07.926+0000] {dag.py:3823} INFO - Setting next_dagrun for data_extraction_to_snowflake to 2025-07-15 00:00:00+00:00, run_after=2025-07-16 00:00:00+00:00
[2025-07-15T00:34:07.932+0000] {processor.py:183} INFO - Processing /opt/airflow/dags/etl_transfer_to_stage.py took 0.034 seconds
[2025-07-15T00:34:09.916+0000] {processor.py:161} INFO - Started process (PID=276) to work on /opt/airflow/dags/etl_transfer_to_stage.py
[2025-07-15T00:34:09.916+0000] {processor.py:830} INFO - Processing file /opt/airflow/dags/etl_transfer_to_stage.py for tasks to queue
[2025-07-15T00:34:09.917+0000] {logging_mixin.py:188} INFO - [2025-07-15T00:34:09.917+0000] {dagbag.py:538} INFO - Filling up the DagBag from /opt/airflow/dags/etl_transfer_to_stage.py
[2025-07-15T00:34:09.924+0000] {processor.py:840} INFO - DAG(s) 'data_extraction_to_snowflake' retrieved from /opt/airflow/dags/etl_transfer_to_stage.py
[2025-07-15T00:34:09.935+0000] {logging_mixin.py:188} INFO - [2025-07-15T00:34:09.935+0000] {dag.py:3036} INFO - Sync 1 DAGs
[2025-07-15T00:34:09.944+0000] {logging_mixin.py:188} INFO - [2025-07-15T00:34:09.944+0000] {dag.py:3823} INFO - Setting next_dagrun for data_extraction_to_snowflake to 2025-07-15 00:00:00+00:00, run_after=2025-07-16 00:00:00+00:00
[2025-07-15T00:34:09.952+0000] {processor.py:183} INFO - Processing /opt/airflow/dags/etl_transfer_to_stage.py took 0.037 seconds
[2025-07-15T22:28:07.900+0000] {processor.py:161} INFO - Started process (PID=61) to work on /opt/airflow/dags/etl_transfer_to_stage.py
[2025-07-15T22:28:07.902+0000] {processor.py:830} INFO - Processing file /opt/airflow/dags/etl_transfer_to_stage.py for tasks to queue
[2025-07-15T22:28:07.906+0000] {logging_mixin.py:188} INFO - [2025-07-15T22:28:07.906+0000] {dagbag.py:538} INFO - Filling up the DagBag from /opt/airflow/dags/etl_transfer_to_stage.py
[2025-07-15T22:28:07.917+0000] {processor.py:840} INFO - DAG(s) 'data_extraction_to_snowflake' retrieved from /opt/airflow/dags/etl_transfer_to_stage.py
[2025-07-15T22:28:08.003+0000] {logging_mixin.py:188} INFO - [2025-07-15T22:28:08.003+0000] {dag.py:3036} INFO - Sync 1 DAGs
[2025-07-15T22:28:08.016+0000] {logging_mixin.py:188} INFO - [2025-07-15T22:28:08.016+0000] {dag.py:3823} INFO - Setting next_dagrun for data_extraction_to_snowflake to 2025-07-15 00:00:00+00:00, run_after=2025-07-16 00:00:00+00:00
[2025-07-15T22:28:08.028+0000] {processor.py:183} INFO - Processing /opt/airflow/dags/etl_transfer_to_stage.py took 0.130 seconds
[2025-07-15T22:28:38.084+0000] {processor.py:161} INFO - Started process (PID=68) to work on /opt/airflow/dags/etl_transfer_to_stage.py
[2025-07-15T22:28:38.084+0000] {processor.py:830} INFO - Processing file /opt/airflow/dags/etl_transfer_to_stage.py for tasks to queue
[2025-07-15T22:28:38.085+0000] {logging_mixin.py:188} INFO - [2025-07-15T22:28:38.085+0000] {dagbag.py:538} INFO - Filling up the DagBag from /opt/airflow/dags/etl_transfer_to_stage.py
[2025-07-15T22:28:38.089+0000] {processor.py:840} INFO - DAG(s) 'data_extraction_to_snowflake' retrieved from /opt/airflow/dags/etl_transfer_to_stage.py
[2025-07-15T22:28:38.101+0000] {logging_mixin.py:188} INFO - [2025-07-15T22:28:38.100+0000] {dag.py:3036} INFO - Sync 1 DAGs
[2025-07-15T22:28:38.110+0000] {logging_mixin.py:188} INFO - [2025-07-15T22:28:38.110+0000] {dag.py:3823} INFO - Setting next_dagrun for data_extraction_to_snowflake to 2025-07-15 00:00:00+00:00, run_after=2025-07-16 00:00:00+00:00
[2025-07-15T22:28:38.116+0000] {processor.py:183} INFO - Processing /opt/airflow/dags/etl_transfer_to_stage.py took 0.034 seconds
[2025-07-15T22:29:08.256+0000] {processor.py:161} INFO - Started process (PID=75) to work on /opt/airflow/dags/etl_transfer_to_stage.py
[2025-07-15T22:29:08.257+0000] {processor.py:830} INFO - Processing file /opt/airflow/dags/etl_transfer_to_stage.py for tasks to queue
[2025-07-15T22:29:08.258+0000] {logging_mixin.py:188} INFO - [2025-07-15T22:29:08.258+0000] {dagbag.py:538} INFO - Filling up the DagBag from /opt/airflow/dags/etl_transfer_to_stage.py
[2025-07-15T22:29:08.262+0000] {processor.py:840} INFO - DAG(s) 'data_extraction_to_snowflake' retrieved from /opt/airflow/dags/etl_transfer_to_stage.py
[2025-07-15T22:29:08.272+0000] {logging_mixin.py:188} INFO - [2025-07-15T22:29:08.272+0000] {dag.py:3036} INFO - Sync 1 DAGs
[2025-07-15T22:29:08.280+0000] {logging_mixin.py:188} INFO - [2025-07-15T22:29:08.280+0000] {dag.py:3823} INFO - Setting next_dagrun for data_extraction_to_snowflake to 2025-07-15 00:00:00+00:00, run_after=2025-07-16 00:00:00+00:00
[2025-07-15T22:29:08.286+0000] {processor.py:183} INFO - Processing /opt/airflow/dags/etl_transfer_to_stage.py took 0.032 seconds
[2025-07-15T22:29:38.399+0000] {processor.py:161} INFO - Started process (PID=82) to work on /opt/airflow/dags/etl_transfer_to_stage.py
[2025-07-15T22:29:38.400+0000] {processor.py:830} INFO - Processing file /opt/airflow/dags/etl_transfer_to_stage.py for tasks to queue
[2025-07-15T22:29:38.401+0000] {logging_mixin.py:188} INFO - [2025-07-15T22:29:38.401+0000] {dagbag.py:538} INFO - Filling up the DagBag from /opt/airflow/dags/etl_transfer_to_stage.py
[2025-07-15T22:29:38.406+0000] {processor.py:840} INFO - DAG(s) 'data_extraction_to_snowflake' retrieved from /opt/airflow/dags/etl_transfer_to_stage.py
[2025-07-15T22:29:38.420+0000] {logging_mixin.py:188} INFO - [2025-07-15T22:29:38.420+0000] {dag.py:3036} INFO - Sync 1 DAGs
[2025-07-15T22:29:38.433+0000] {logging_mixin.py:188} INFO - [2025-07-15T22:29:38.433+0000] {dag.py:3823} INFO - Setting next_dagrun for data_extraction_to_snowflake to 2025-07-15 00:00:00+00:00, run_after=2025-07-16 00:00:00+00:00
[2025-07-15T22:29:38.442+0000] {processor.py:183} INFO - Processing /opt/airflow/dags/etl_transfer_to_stage.py took 0.044 seconds
[2025-07-15T22:30:08.558+0000] {processor.py:161} INFO - Started process (PID=89) to work on /opt/airflow/dags/etl_transfer_to_stage.py
[2025-07-15T22:30:08.558+0000] {processor.py:830} INFO - Processing file /opt/airflow/dags/etl_transfer_to_stage.py for tasks to queue
[2025-07-15T22:30:08.559+0000] {logging_mixin.py:188} INFO - [2025-07-15T22:30:08.559+0000] {dagbag.py:538} INFO - Filling up the DagBag from /opt/airflow/dags/etl_transfer_to_stage.py
[2025-07-15T22:30:08.564+0000] {processor.py:840} INFO - DAG(s) 'data_extraction_to_snowflake' retrieved from /opt/airflow/dags/etl_transfer_to_stage.py
[2025-07-15T22:30:08.579+0000] {logging_mixin.py:188} INFO - [2025-07-15T22:30:08.579+0000] {dag.py:3036} INFO - Sync 1 DAGs
[2025-07-15T22:30:08.588+0000] {logging_mixin.py:188} INFO - [2025-07-15T22:30:08.588+0000] {dag.py:3823} INFO - Setting next_dagrun for data_extraction_to_snowflake to 2025-07-15 00:00:00+00:00, run_after=2025-07-16 00:00:00+00:00
[2025-07-15T22:30:08.595+0000] {processor.py:183} INFO - Processing /opt/airflow/dags/etl_transfer_to_stage.py took 0.038 seconds
[2025-07-15T22:30:38.707+0000] {processor.py:161} INFO - Started process (PID=96) to work on /opt/airflow/dags/etl_transfer_to_stage.py
[2025-07-15T22:30:38.707+0000] {processor.py:830} INFO - Processing file /opt/airflow/dags/etl_transfer_to_stage.py for tasks to queue
[2025-07-15T22:30:38.708+0000] {logging_mixin.py:188} INFO - [2025-07-15T22:30:38.708+0000] {dagbag.py:538} INFO - Filling up the DagBag from /opt/airflow/dags/etl_transfer_to_stage.py
[2025-07-15T22:30:38.712+0000] {processor.py:840} INFO - DAG(s) 'data_extraction_to_snowflake' retrieved from /opt/airflow/dags/etl_transfer_to_stage.py
[2025-07-15T22:30:38.722+0000] {logging_mixin.py:188} INFO - [2025-07-15T22:30:38.722+0000] {dag.py:3036} INFO - Sync 1 DAGs
[2025-07-15T22:30:38.730+0000] {logging_mixin.py:188} INFO - [2025-07-15T22:30:38.730+0000] {dag.py:3823} INFO - Setting next_dagrun for data_extraction_to_snowflake to 2025-07-15 00:00:00+00:00, run_after=2025-07-16 00:00:00+00:00
[2025-07-15T22:30:38.737+0000] {processor.py:183} INFO - Processing /opt/airflow/dags/etl_transfer_to_stage.py took 0.032 seconds
[2025-07-15T22:31:08.867+0000] {processor.py:161} INFO - Started process (PID=103) to work on /opt/airflow/dags/etl_transfer_to_stage.py
[2025-07-15T22:31:08.868+0000] {processor.py:830} INFO - Processing file /opt/airflow/dags/etl_transfer_to_stage.py for tasks to queue
[2025-07-15T22:31:08.868+0000] {logging_mixin.py:188} INFO - [2025-07-15T22:31:08.868+0000] {dagbag.py:538} INFO - Filling up the DagBag from /opt/airflow/dags/etl_transfer_to_stage.py
[2025-07-15T22:31:08.872+0000] {processor.py:840} INFO - DAG(s) 'data_extraction_to_snowflake' retrieved from /opt/airflow/dags/etl_transfer_to_stage.py
[2025-07-15T22:31:08.883+0000] {logging_mixin.py:188} INFO - [2025-07-15T22:31:08.882+0000] {dag.py:3036} INFO - Sync 1 DAGs
[2025-07-15T22:31:08.891+0000] {logging_mixin.py:188} INFO - [2025-07-15T22:31:08.891+0000] {dag.py:3823} INFO - Setting next_dagrun for data_extraction_to_snowflake to 2025-07-15 00:00:00+00:00, run_after=2025-07-16 00:00:00+00:00
[2025-07-15T22:31:08.897+0000] {processor.py:183} INFO - Processing /opt/airflow/dags/etl_transfer_to_stage.py took 0.032 seconds
[2025-07-15T22:31:39.021+0000] {processor.py:161} INFO - Started process (PID=110) to work on /opt/airflow/dags/etl_transfer_to_stage.py
[2025-07-15T22:31:39.021+0000] {processor.py:830} INFO - Processing file /opt/airflow/dags/etl_transfer_to_stage.py for tasks to queue
[2025-07-15T22:31:39.022+0000] {logging_mixin.py:188} INFO - [2025-07-15T22:31:39.022+0000] {dagbag.py:538} INFO - Filling up the DagBag from /opt/airflow/dags/etl_transfer_to_stage.py
[2025-07-15T22:31:39.026+0000] {processor.py:840} INFO - DAG(s) 'data_extraction_to_snowflake' retrieved from /opt/airflow/dags/etl_transfer_to_stage.py
[2025-07-15T22:31:39.036+0000] {logging_mixin.py:188} INFO - [2025-07-15T22:31:39.036+0000] {dag.py:3036} INFO - Sync 1 DAGs
[2025-07-15T22:31:39.044+0000] {logging_mixin.py:188} INFO - [2025-07-15T22:31:39.044+0000] {dag.py:3823} INFO - Setting next_dagrun for data_extraction_to_snowflake to 2025-07-15 00:00:00+00:00, run_after=2025-07-16 00:00:00+00:00
[2025-07-15T22:31:39.050+0000] {processor.py:183} INFO - Processing /opt/airflow/dags/etl_transfer_to_stage.py took 0.031 seconds
[2025-07-15T22:32:09.255+0000] {processor.py:161} INFO - Started process (PID=117) to work on /opt/airflow/dags/etl_transfer_to_stage.py
[2025-07-15T22:32:09.255+0000] {processor.py:830} INFO - Processing file /opt/airflow/dags/etl_transfer_to_stage.py for tasks to queue
[2025-07-15T22:32:09.256+0000] {logging_mixin.py:188} INFO - [2025-07-15T22:32:09.256+0000] {dagbag.py:538} INFO - Filling up the DagBag from /opt/airflow/dags/etl_transfer_to_stage.py
[2025-07-15T22:32:09.261+0000] {processor.py:840} INFO - DAG(s) 'data_extraction_to_snowflake' retrieved from /opt/airflow/dags/etl_transfer_to_stage.py
[2025-07-15T22:32:09.274+0000] {logging_mixin.py:188} INFO - [2025-07-15T22:32:09.274+0000] {dag.py:3036} INFO - Sync 1 DAGs
[2025-07-15T22:32:09.284+0000] {logging_mixin.py:188} INFO - [2025-07-15T22:32:09.283+0000] {dag.py:3823} INFO - Setting next_dagrun for data_extraction_to_snowflake to 2025-07-15 00:00:00+00:00, run_after=2025-07-16 00:00:00+00:00
[2025-07-15T22:32:09.291+0000] {processor.py:183} INFO - Processing /opt/airflow/dags/etl_transfer_to_stage.py took 0.038 seconds
[2025-07-15T22:32:39.415+0000] {processor.py:161} INFO - Started process (PID=133) to work on /opt/airflow/dags/etl_transfer_to_stage.py
[2025-07-15T22:32:39.416+0000] {processor.py:830} INFO - Processing file /opt/airflow/dags/etl_transfer_to_stage.py for tasks to queue
[2025-07-15T22:32:39.418+0000] {logging_mixin.py:188} INFO - [2025-07-15T22:32:39.417+0000] {dagbag.py:538} INFO - Filling up the DagBag from /opt/airflow/dags/etl_transfer_to_stage.py
[2025-07-15T22:32:39.424+0000] {processor.py:840} INFO - DAG(s) 'data_extraction_to_snowflake' retrieved from /opt/airflow/dags/etl_transfer_to_stage.py
[2025-07-15T22:32:39.438+0000] {logging_mixin.py:188} INFO - [2025-07-15T22:32:39.438+0000] {dag.py:3036} INFO - Sync 1 DAGs
[2025-07-15T22:32:39.447+0000] {logging_mixin.py:188} INFO - [2025-07-15T22:32:39.447+0000] {dag.py:3823} INFO - Setting next_dagrun for data_extraction_to_snowflake to 2025-07-15 00:00:00+00:00, run_after=2025-07-16 00:00:00+00:00
[2025-07-15T22:32:39.454+0000] {processor.py:183} INFO - Processing /opt/airflow/dags/etl_transfer_to_stage.py took 0.041 seconds
[2025-07-15T22:33:09.581+0000] {processor.py:161} INFO - Started process (PID=140) to work on /opt/airflow/dags/etl_transfer_to_stage.py
[2025-07-15T22:33:09.581+0000] {processor.py:830} INFO - Processing file /opt/airflow/dags/etl_transfer_to_stage.py for tasks to queue
[2025-07-15T22:33:09.582+0000] {logging_mixin.py:188} INFO - [2025-07-15T22:33:09.582+0000] {dagbag.py:538} INFO - Filling up the DagBag from /opt/airflow/dags/etl_transfer_to_stage.py
[2025-07-15T22:33:09.586+0000] {processor.py:840} INFO - DAG(s) 'data_extraction_to_snowflake' retrieved from /opt/airflow/dags/etl_transfer_to_stage.py
[2025-07-15T22:33:09.596+0000] {logging_mixin.py:188} INFO - [2025-07-15T22:33:09.596+0000] {dag.py:3036} INFO - Sync 1 DAGs
[2025-07-15T22:33:09.604+0000] {logging_mixin.py:188} INFO - [2025-07-15T22:33:09.604+0000] {dag.py:3823} INFO - Setting next_dagrun for data_extraction_to_snowflake to 2025-07-15 00:00:00+00:00, run_after=2025-07-16 00:00:00+00:00
[2025-07-15T22:33:09.611+0000] {processor.py:183} INFO - Processing /opt/airflow/dags/etl_transfer_to_stage.py took 0.032 seconds
[2025-07-15T22:33:39.724+0000] {processor.py:161} INFO - Started process (PID=147) to work on /opt/airflow/dags/etl_transfer_to_stage.py
[2025-07-15T22:33:39.724+0000] {processor.py:830} INFO - Processing file /opt/airflow/dags/etl_transfer_to_stage.py for tasks to queue
[2025-07-15T22:33:39.725+0000] {logging_mixin.py:188} INFO - [2025-07-15T22:33:39.725+0000] {dagbag.py:538} INFO - Filling up the DagBag from /opt/airflow/dags/etl_transfer_to_stage.py
[2025-07-15T22:33:39.729+0000] {processor.py:840} INFO - DAG(s) 'data_extraction_to_snowflake' retrieved from /opt/airflow/dags/etl_transfer_to_stage.py
[2025-07-15T22:33:39.739+0000] {logging_mixin.py:188} INFO - [2025-07-15T22:33:39.739+0000] {dag.py:3036} INFO - Sync 1 DAGs
[2025-07-15T22:33:39.748+0000] {logging_mixin.py:188} INFO - [2025-07-15T22:33:39.747+0000] {dag.py:3823} INFO - Setting next_dagrun for data_extraction_to_snowflake to 2025-07-15 00:00:00+00:00, run_after=2025-07-16 00:00:00+00:00
[2025-07-15T22:33:39.754+0000] {processor.py:183} INFO - Processing /opt/airflow/dags/etl_transfer_to_stage.py took 0.031 seconds
[2025-07-15T22:34:09.879+0000] {processor.py:161} INFO - Started process (PID=153) to work on /opt/airflow/dags/etl_transfer_to_stage.py
[2025-07-15T22:34:09.880+0000] {processor.py:830} INFO - Processing file /opt/airflow/dags/etl_transfer_to_stage.py for tasks to queue
[2025-07-15T22:34:09.881+0000] {logging_mixin.py:188} INFO - [2025-07-15T22:34:09.880+0000] {dagbag.py:538} INFO - Filling up the DagBag from /opt/airflow/dags/etl_transfer_to_stage.py
[2025-07-15T22:34:09.884+0000] {processor.py:840} INFO - DAG(s) 'data_extraction_to_snowflake' retrieved from /opt/airflow/dags/etl_transfer_to_stage.py
[2025-07-15T22:34:09.895+0000] {logging_mixin.py:188} INFO - [2025-07-15T22:34:09.895+0000] {dag.py:3036} INFO - Sync 1 DAGs
[2025-07-15T22:34:09.910+0000] {logging_mixin.py:188} INFO - [2025-07-15T22:34:09.910+0000] {dag.py:3823} INFO - Setting next_dagrun for data_extraction_to_snowflake to 2025-07-15 00:00:00+00:00, run_after=2025-07-16 00:00:00+00:00
[2025-07-15T22:34:09.919+0000] {processor.py:183} INFO - Processing /opt/airflow/dags/etl_transfer_to_stage.py took 0.041 seconds
[2025-07-15T22:34:40.021+0000] {processor.py:161} INFO - Started process (PID=165) to work on /opt/airflow/dags/etl_transfer_to_stage.py
[2025-07-15T22:34:40.021+0000] {processor.py:830} INFO - Processing file /opt/airflow/dags/etl_transfer_to_stage.py for tasks to queue
[2025-07-15T22:34:40.022+0000] {logging_mixin.py:188} INFO - [2025-07-15T22:34:40.022+0000] {dagbag.py:538} INFO - Filling up the DagBag from /opt/airflow/dags/etl_transfer_to_stage.py
[2025-07-15T22:34:40.026+0000] {processor.py:840} INFO - DAG(s) 'data_extraction_to_snowflake' retrieved from /opt/airflow/dags/etl_transfer_to_stage.py
[2025-07-15T22:34:40.036+0000] {logging_mixin.py:188} INFO - [2025-07-15T22:34:40.036+0000] {dag.py:3036} INFO - Sync 1 DAGs
[2025-07-15T22:34:40.045+0000] {logging_mixin.py:188} INFO - [2025-07-15T22:34:40.044+0000] {dag.py:3823} INFO - Setting next_dagrun for data_extraction_to_snowflake to 2025-07-15 00:00:00+00:00, run_after=2025-07-16 00:00:00+00:00
[2025-07-15T22:34:40.051+0000] {processor.py:183} INFO - Processing /opt/airflow/dags/etl_transfer_to_stage.py took 0.032 seconds
[2025-07-15T22:35:10.167+0000] {processor.py:161} INFO - Started process (PID=172) to work on /opt/airflow/dags/etl_transfer_to_stage.py
[2025-07-15T22:35:10.167+0000] {processor.py:830} INFO - Processing file /opt/airflow/dags/etl_transfer_to_stage.py for tasks to queue
[2025-07-15T22:35:10.168+0000] {logging_mixin.py:188} INFO - [2025-07-15T22:35:10.168+0000] {dagbag.py:538} INFO - Filling up the DagBag from /opt/airflow/dags/etl_transfer_to_stage.py
[2025-07-15T22:35:10.172+0000] {processor.py:840} INFO - DAG(s) 'data_extraction_to_snowflake' retrieved from /opt/airflow/dags/etl_transfer_to_stage.py
[2025-07-15T22:35:10.183+0000] {logging_mixin.py:188} INFO - [2025-07-15T22:35:10.183+0000] {dag.py:3036} INFO - Sync 1 DAGs
[2025-07-15T22:35:10.191+0000] {logging_mixin.py:188} INFO - [2025-07-15T22:35:10.191+0000] {dag.py:3823} INFO - Setting next_dagrun for data_extraction_to_snowflake to 2025-07-15 00:00:00+00:00, run_after=2025-07-16 00:00:00+00:00
[2025-07-15T22:35:10.197+0000] {processor.py:183} INFO - Processing /opt/airflow/dags/etl_transfer_to_stage.py took 0.032 seconds
[2025-07-15T22:35:40.326+0000] {processor.py:161} INFO - Started process (PID=179) to work on /opt/airflow/dags/etl_transfer_to_stage.py
[2025-07-15T22:35:40.326+0000] {processor.py:830} INFO - Processing file /opt/airflow/dags/etl_transfer_to_stage.py for tasks to queue
[2025-07-15T22:35:40.327+0000] {logging_mixin.py:188} INFO - [2025-07-15T22:35:40.327+0000] {dagbag.py:538} INFO - Filling up the DagBag from /opt/airflow/dags/etl_transfer_to_stage.py
[2025-07-15T22:35:40.331+0000] {processor.py:840} INFO - DAG(s) 'data_extraction_to_snowflake' retrieved from /opt/airflow/dags/etl_transfer_to_stage.py
[2025-07-15T22:35:40.341+0000] {logging_mixin.py:188} INFO - [2025-07-15T22:35:40.341+0000] {dag.py:3036} INFO - Sync 1 DAGs
[2025-07-15T22:35:40.349+0000] {logging_mixin.py:188} INFO - [2025-07-15T22:35:40.349+0000] {dag.py:3823} INFO - Setting next_dagrun for data_extraction_to_snowflake to 2025-07-15 00:00:00+00:00, run_after=2025-07-16 00:00:00+00:00
[2025-07-15T22:35:40.355+0000] {processor.py:183} INFO - Processing /opt/airflow/dags/etl_transfer_to_stage.py took 0.031 seconds
[2025-07-15T22:36:10.480+0000] {processor.py:161} INFO - Started process (PID=186) to work on /opt/airflow/dags/etl_transfer_to_stage.py
[2025-07-15T22:36:10.481+0000] {processor.py:830} INFO - Processing file /opt/airflow/dags/etl_transfer_to_stage.py for tasks to queue
[2025-07-15T22:36:10.481+0000] {logging_mixin.py:188} INFO - [2025-07-15T22:36:10.481+0000] {dagbag.py:538} INFO - Filling up the DagBag from /opt/airflow/dags/etl_transfer_to_stage.py
[2025-07-15T22:36:10.486+0000] {processor.py:840} INFO - DAG(s) 'data_extraction_to_snowflake' retrieved from /opt/airflow/dags/etl_transfer_to_stage.py
[2025-07-15T22:36:10.496+0000] {logging_mixin.py:188} INFO - [2025-07-15T22:36:10.496+0000] {dag.py:3036} INFO - Sync 1 DAGs
[2025-07-15T22:36:10.504+0000] {logging_mixin.py:188} INFO - [2025-07-15T22:36:10.504+0000] {dag.py:3823} INFO - Setting next_dagrun for data_extraction_to_snowflake to 2025-07-15 00:00:00+00:00, run_after=2025-07-16 00:00:00+00:00
[2025-07-15T22:36:10.511+0000] {processor.py:183} INFO - Processing /opt/airflow/dags/etl_transfer_to_stage.py took 0.033 seconds
[2025-07-15T22:36:40.632+0000] {processor.py:161} INFO - Started process (PID=193) to work on /opt/airflow/dags/etl_transfer_to_stage.py
[2025-07-15T22:36:40.632+0000] {processor.py:830} INFO - Processing file /opt/airflow/dags/etl_transfer_to_stage.py for tasks to queue
[2025-07-15T22:36:40.633+0000] {logging_mixin.py:188} INFO - [2025-07-15T22:36:40.633+0000] {dagbag.py:538} INFO - Filling up the DagBag from /opt/airflow/dags/etl_transfer_to_stage.py
[2025-07-15T22:36:40.637+0000] {processor.py:840} INFO - DAG(s) 'data_extraction_to_snowflake' retrieved from /opt/airflow/dags/etl_transfer_to_stage.py
[2025-07-15T22:36:40.647+0000] {logging_mixin.py:188} INFO - [2025-07-15T22:36:40.647+0000] {dag.py:3036} INFO - Sync 1 DAGs
[2025-07-15T22:36:40.656+0000] {logging_mixin.py:188} INFO - [2025-07-15T22:36:40.655+0000] {dag.py:3823} INFO - Setting next_dagrun for data_extraction_to_snowflake to 2025-07-15 00:00:00+00:00, run_after=2025-07-16 00:00:00+00:00
[2025-07-15T22:36:40.662+0000] {processor.py:183} INFO - Processing /opt/airflow/dags/etl_transfer_to_stage.py took 0.031 seconds
[2025-07-15T22:37:10.786+0000] {processor.py:161} INFO - Started process (PID=199) to work on /opt/airflow/dags/etl_transfer_to_stage.py
[2025-07-15T22:37:10.787+0000] {processor.py:830} INFO - Processing file /opt/airflow/dags/etl_transfer_to_stage.py for tasks to queue
[2025-07-15T22:37:10.788+0000] {logging_mixin.py:188} INFO - [2025-07-15T22:37:10.787+0000] {dagbag.py:538} INFO - Filling up the DagBag from /opt/airflow/dags/etl_transfer_to_stage.py
[2025-07-15T22:37:10.794+0000] {processor.py:840} INFO - DAG(s) 'data_extraction_to_snowflake' retrieved from /opt/airflow/dags/etl_transfer_to_stage.py
[2025-07-15T22:37:10.805+0000] {logging_mixin.py:188} INFO - [2025-07-15T22:37:10.804+0000] {dag.py:3036} INFO - Sync 1 DAGs
[2025-07-15T22:37:10.813+0000] {logging_mixin.py:188} INFO - [2025-07-15T22:37:10.813+0000] {dag.py:3823} INFO - Setting next_dagrun for data_extraction_to_snowflake to 2025-07-15 00:00:00+00:00, run_after=2025-07-16 00:00:00+00:00
[2025-07-15T22:37:10.820+0000] {processor.py:183} INFO - Processing /opt/airflow/dags/etl_transfer_to_stage.py took 0.035 seconds
[2025-07-15T22:37:40.958+0000] {processor.py:161} INFO - Started process (PID=206) to work on /opt/airflow/dags/etl_transfer_to_stage.py
[2025-07-15T22:37:40.958+0000] {processor.py:830} INFO - Processing file /opt/airflow/dags/etl_transfer_to_stage.py for tasks to queue
[2025-07-15T22:37:40.959+0000] {logging_mixin.py:188} INFO - [2025-07-15T22:37:40.959+0000] {dagbag.py:538} INFO - Filling up the DagBag from /opt/airflow/dags/etl_transfer_to_stage.py
[2025-07-15T22:37:40.963+0000] {processor.py:840} INFO - DAG(s) 'data_extraction_to_snowflake' retrieved from /opt/airflow/dags/etl_transfer_to_stage.py
[2025-07-15T22:37:40.974+0000] {logging_mixin.py:188} INFO - [2025-07-15T22:37:40.973+0000] {dag.py:3036} INFO - Sync 1 DAGs
[2025-07-15T22:37:40.981+0000] {logging_mixin.py:188} INFO - [2025-07-15T22:37:40.981+0000] {dag.py:3823} INFO - Setting next_dagrun for data_extraction_to_snowflake to 2025-07-15 00:00:00+00:00, run_after=2025-07-16 00:00:00+00:00
[2025-07-15T22:37:40.988+0000] {processor.py:183} INFO - Processing /opt/airflow/dags/etl_transfer_to_stage.py took 0.032 seconds
