[2025-07-27T14:38:08.841+0000] {taskinstance.py:1956} INFO - Dependencies all met for dep_context=non-requeueable deps ti=<TaskInstance: data_extraction_to_snowflake.processing_tables manual__2025-07-27T14:38:06.004902+00:00 map_index=3 [queued]>
[2025-07-27T14:38:08.848+0000] {taskinstance.py:1956} INFO - Dependencies all met for dep_context=requeueable deps ti=<TaskInstance: data_extraction_to_snowflake.processing_tables manual__2025-07-27T14:38:06.004902+00:00 map_index=3 [queued]>
[2025-07-27T14:38:08.848+0000] {taskinstance.py:2170} INFO - Starting attempt 1 of 1
[2025-07-27T14:38:08.860+0000] {taskinstance.py:2191} INFO - Executing <Mapped(_PythonDecoratedOperator): processing_tables> on 2025-07-27 14:38:06.004902+00:00
[2025-07-27T14:38:08.865+0000] {standard_task_runner.py:60} INFO - Started process 517 to run task
[2025-07-27T14:38:08.869+0000] {standard_task_runner.py:87} INFO - Running: ['***', 'tasks', 'run', 'data_extraction_to_snowflake', 'processing_tables', 'manual__2025-07-27T14:38:06.004902+00:00', '--job-id', '230', '--raw', '--subdir', 'DAGS_FOLDER/etl_transfer_to_stage.py', '--cfg-path', '/tmp/tmpdnszrijd', '--map-index', '3']
[2025-07-27T14:38:08.872+0000] {standard_task_runner.py:88} INFO - Job 230: Subtask processing_tables
[2025-07-27T14:38:08.914+0000] {task_command.py:423} INFO - Running <TaskInstance: data_extraction_to_snowflake.processing_tables manual__2025-07-27T14:38:06.004902+00:00 map_index=3 [running]> on host ba480c39b9ec
[2025-07-27T14:38:08.986+0000] {taskinstance.py:2480} INFO - Exporting env vars: AIRFLOW_CTX_DAG_OWNER='***' AIRFLOW_CTX_DAG_ID='data_extraction_to_snowflake' AIRFLOW_CTX_TASK_ID='processing_tables' AIRFLOW_CTX_EXECUTION_DATE='2025-07-27T14:38:06.004902+00:00' AIRFLOW_CTX_TRY_NUMBER='1' AIRFLOW_CTX_DAG_RUN_ID='manual__2025-07-27T14:38:06.004902+00:00'
[2025-07-27T14:38:08.988+0000] {etl_transfer_to_stage.py:56} INFO - Starting transfer data from table termination_reasons_info
[2025-07-27T14:38:08.994+0000] {base.py:83} INFO - Using connection ID 'snowflake' for task execution.
[2025-07-27T14:38:08.995+0000] {connection.py:370} INFO - Snowflake Connector for Python Version: 3.6.0, Python Version: 3.8.18, Platform: Linux-6.12.5-linuxkit-aarch64-with-glibc2.34
[2025-07-27T14:38:08.996+0000] {connection.py:1171} INFO - This connection is in OCSP Fail Open Mode. TLS Certificates would be checked for validity and revocation status. Any other Certificate Revocation related exceptions or OCSP Responder failures would be disregarded in favor of connectivity.
[2025-07-27T14:38:11.089+0000] {cursor.py:1028} INFO - query: [SELECT MAX(ID) FROM raw_termination_reasons_info]
[2025-07-27T14:38:11.219+0000] {cursor.py:1041} INFO - query execution done
[2025-07-27T14:38:11.219+0000] {cursor.py:1205} INFO - Number of results in first chunk: 1
[2025-07-27T14:38:11.219+0000] {connection.py:718} INFO - closed
[2025-07-27T14:38:11.308+0000] {connection.py:724} INFO - No async queries seem to be running, deleting session
[2025-07-27T14:38:11.405+0000] {base.py:83} INFO - Using connection ID 'postgres' for task execution.
[2025-07-27T14:38:11.423+0000] {base.py:83} INFO - Using connection ID 'snowflake' for task execution.
[2025-07-27T14:38:11.423+0000] {connection.py:370} INFO - Snowflake Connector for Python Version: 3.6.0, Python Version: 3.8.18, Platform: Linux-6.12.5-linuxkit-aarch64-with-glibc2.34
[2025-07-27T14:38:11.424+0000] {connection.py:1171} INFO - This connection is in OCSP Fail Open Mode. TLS Certificates would be checked for validity and revocation status. Any other Certificate Revocation related exceptions or OCSP Responder failures would be disregarded in favor of connectivity.
[2025-07-27T14:38:11.912+0000] {etl_transfer_to_stage.py:95} INFO - Ingesting 10 rows into Snowflake
[2025-07-27T14:38:11.913+0000] {cursor.py:1028} INFO - query: [INSERT INTO raw_termination_reasons_info (id, termination_reason_id, termination...]
[2025-07-27T14:38:12.680+0000] {cursor.py:1041} INFO - query execution done
[2025-07-27T14:38:12.684+0000] {cursor.py:1028} INFO - query: [INSERT INTO raw_termination_reasons_info (id, termination_reason_id, termination...]
[2025-07-27T14:38:13.115+0000] {cursor.py:1041} INFO - query execution done
[2025-07-27T14:38:13.116+0000] {cursor.py:1028} INFO - query: [INSERT INTO raw_termination_reasons_info (id, termination_reason_id, termination...]
[2025-07-27T14:38:13.555+0000] {cursor.py:1041} INFO - query execution done
[2025-07-27T14:38:13.556+0000] {cursor.py:1028} INFO - query: [INSERT INTO raw_termination_reasons_info (id, termination_reason_id, termination...]
[2025-07-27T14:38:13.985+0000] {cursor.py:1041} INFO - query execution done
[2025-07-27T14:38:13.985+0000] {cursor.py:1028} INFO - query: [INSERT INTO raw_termination_reasons_info (id, termination_reason_id, termination...]
[2025-07-27T14:38:14.405+0000] {cursor.py:1041} INFO - query execution done
[2025-07-27T14:38:14.407+0000] {cursor.py:1028} INFO - query: [INSERT INTO raw_termination_reasons_info (id, termination_reason_id, termination...]
[2025-07-27T14:38:14.826+0000] {cursor.py:1041} INFO - query execution done
[2025-07-27T14:38:14.826+0000] {cursor.py:1028} INFO - query: [INSERT INTO raw_termination_reasons_info (id, termination_reason_id, termination...]
[2025-07-27T14:38:15.336+0000] {cursor.py:1041} INFO - query execution done
[2025-07-27T14:38:15.336+0000] {cursor.py:1028} INFO - query: [INSERT INTO raw_termination_reasons_info (id, termination_reason_id, termination...]
[2025-07-27T14:38:15.848+0000] {cursor.py:1041} INFO - query execution done
[2025-07-27T14:38:15.848+0000] {cursor.py:1028} INFO - query: [INSERT INTO raw_termination_reasons_info (id, termination_reason_id, termination...]
[2025-07-27T14:38:16.263+0000] {cursor.py:1041} INFO - query execution done
[2025-07-27T14:38:16.265+0000] {cursor.py:1028} INFO - query: [INSERT INTO raw_termination_reasons_info (id, termination_reason_id, termination...]
[2025-07-27T14:38:16.773+0000] {cursor.py:1041} INFO - query execution done
[2025-07-27T14:38:16.775+0000] {connection.py:718} INFO - closed
[2025-07-27T14:38:16.859+0000] {connection.py:724} INFO - No async queries seem to be running, deleting session
[2025-07-27T14:38:16.945+0000] {python.py:201} INFO - Done. Returned value was: None
[2025-07-27T14:38:16.954+0000] {taskinstance.py:1138} INFO - Marking task as SUCCESS. dag_id=data_extraction_to_snowflake, task_id=processing_tables, map_index=3, execution_date=20250727T143806, start_date=20250727T143808, end_date=20250727T143816
[2025-07-27T14:38:16.988+0000] {local_task_job_runner.py:234} INFO - Task exited with return code 0
[2025-07-27T14:38:16.997+0000] {taskinstance.py:3280} INFO - 0 downstream tasks scheduled from follow-on schedule check
